2020-05-08 15:49:41,380 ERROR com.dz.apigw.msgqueue.AMQPProducer [pool-9-thread-1] Exception updating routing-table: null
2020-05-08 15:49:51,384 ERROR com.dz.apigw.msgqueue.AMQPProducer [pool-9-thread-1] Exception updating routing-table: null
2020-05-08 15:50:01,389 ERROR com.dz.apigw.msgqueue.AMQPProducer [pool-9-thread-1] Exception updating routing-table: null
2020-05-08 15:50:11,391 ERROR com.dz.apigw.msgqueue.AMQPProducer [pool-9-thread-1] Exception updating routing-table: null
2020-05-08 15:50:21,397 ERROR com.dz.apigw.msgqueue.AMQPProducer [pool-9-thread-1] Exception updating routing-table: null
2020-05-08 15:50:31,399 ERROR com.dz.apigw.msgqueue.AMQPProducer [pool-9-thread-1] Exception updating routing-table: null
2020-05-08 15:50:41,404 ERROR com.dz.apigw.msgqueue.AMQPProducer [pool-9-thread-1] Exception updating routing-table: null
2020-05-08 15:50:51,408 ERROR com.dz.apigw.msgqueue.AMQPProducer [pool-9-thread-1] Exception updating routing-table: null
2020-05-08 15:51:01,412 ERROR com.dz.apigw.msgqueue.AMQPProducer [pool-9-thread-1] Exception updating routing-table: null
2020-05-08 15:51:11,416 ERROR com.dz.apigw.msgqueue.AMQPProducer [pool-9-thread-1] Exception updating routing-table: null
2020-05-08 15:51:21,420 ERROR com.dz.apigw.msgqueue.AMQPProducer [pool-9-thread-1] Exception updating routing-table: null
2020-05-08 15:51:31,427 ERROR com.dz.apigw.msgqueue.AMQPProducer [pool-9-thread-1] Exception updating routing-table: null
2020-05-08 15:51:41,430 ERROR com.dz.apigw.msgqueue.AMQPProducer [pool-9-thread-1] Exception updating routing-table: null
2020-05-08 15:51:51,434 ERROR com.dz.apigw.msgqueue.AMQPProducer [pool-9-thread-1] Exception updating routing-table: null
2020-05-08 15:52:01,440 ERROR com.dz.apigw.msgqueue.AMQPProducer [pool-9-thread-1] Exception updating routing-table: null
2020-05-08 15:52:13,191 ERROR com.dz.apigw.msgqueue.AMQPProducer [pool-12-thread-1] Exception updating routing-table: null
2020-05-08 15:52:23,192 ERROR com.dz.apigw.msgqueue.AMQPProducer [pool-12-thread-1] Exception updating routing-table: null
2020-05-08 15:52:33,196 ERROR com.dz.apigw.msgqueue.AMQPProducer [pool-12-thread-1] Exception updating routing-table: null
2020-05-08 15:52:43,197 ERROR com.dz.apigw.msgqueue.AMQPProducer [pool-12-thread-1] Exception updating routing-table: null
2020-05-08 15:52:53,199 ERROR com.dz.apigw.msgqueue.AMQPProducer [pool-12-thread-1] Exception updating routing-table: null
2020-05-08 15:53:00,026 INFO com.dz.apigw.msgqueue.AMQPMsgRouter [pool-15-thread-1] Routing file updated
2020-05-08 15:53:00,030 ERROR com.dz.apigw.msgqueue.AMQPMsgRouter [pool-15-thread-1] Exception parsing xml file: java.net.MalformedURLException: no protocol: ${apigw.route.authentication.path}
2020-05-08 15:53:00,030 WARN com.dz.apigw.msgqueue.AMQPMsgRouter [pool-15-thread-1] Cannot create routes. Need to check routing file !!!
2020-05-08 15:53:10,035 INFO com.dz.apigw.msgqueue.AMQPMsgRouter [pool-15-thread-1] Routing file updated
2020-05-08 15:53:10,036 ERROR com.dz.apigw.msgqueue.AMQPMsgRouter [pool-15-thread-1] Exception parsing xml file: java.net.MalformedURLException: no protocol: ${apigw.route.authentication.path}
2020-05-08 15:53:10,037 WARN com.dz.apigw.msgqueue.AMQPMsgRouter [pool-15-thread-1] Cannot create routes. Need to check routing file !!!
2020-05-08 15:53:20,037 INFO com.dz.apigw.msgqueue.AMQPMsgRouter [pool-15-thread-1] Routing file updated
2020-05-08 15:53:20,038 ERROR com.dz.apigw.msgqueue.AMQPMsgRouter [pool-15-thread-1] Exception parsing xml file: java.net.MalformedURLException: no protocol: ${apigw.route.authentication.path}
2020-05-08 15:53:20,039 WARN com.dz.apigw.msgqueue.AMQPMsgRouter [pool-15-thread-1] Cannot create routes. Need to check routing file !!!
2020-05-08 15:53:24,831 INFO com.dz.apigw.msgqueue.AMQPMsgRouter [pool-18-thread-1] Routing file updated
2020-05-08 15:53:24,832 ERROR com.dz.apigw.msgqueue.AMQPMsgRouter [pool-18-thread-1] Exception parsing xml file: java.net.MalformedURLException: no protocol: ${apigw.route.authentication.path}
2020-05-08 15:53:24,832 WARN com.dz.apigw.msgqueue.AMQPMsgRouter [pool-18-thread-1] Cannot create routes. Need to check routing file !!!
2020-05-08 15:53:34,836 INFO com.dz.apigw.msgqueue.AMQPMsgRouter [pool-18-thread-1] Routing file updated
2020-05-08 15:53:34,838 ERROR com.dz.apigw.msgqueue.AMQPMsgRouter [pool-18-thread-1] Exception parsing xml file: java.net.MalformedURLException: no protocol: ${apigw.route.authentication.path}
2020-05-08 15:53:34,839 WARN com.dz.apigw.msgqueue.AMQPMsgRouter [pool-18-thread-1] Cannot create routes. Need to check routing file !!!
2020-05-08 15:53:44,841 INFO com.dz.apigw.msgqueue.AMQPMsgRouter [pool-18-thread-1] Routing file updated
2020-05-08 15:53:44,844 ERROR com.dz.apigw.msgqueue.AMQPMsgRouter [pool-18-thread-1] Exception parsing xml file: java.net.MalformedURLException: no protocol: ${apigw.route.authentication.path}
2020-05-08 15:53:44,844 WARN com.dz.apigw.msgqueue.AMQPMsgRouter [pool-18-thread-1] Cannot create routes. Need to check routing file !!!
2020-05-08 15:53:54,848 INFO com.dz.apigw.msgqueue.AMQPMsgRouter [pool-18-thread-1] Routing file updated
2020-05-08 15:53:54,850 ERROR com.dz.apigw.msgqueue.AMQPMsgRouter [pool-18-thread-1] Exception parsing xml file: java.net.MalformedURLException: no protocol: ${apigw.route.authentication.path}
2020-05-08 15:53:54,851 WARN com.dz.apigw.msgqueue.AMQPMsgRouter [pool-18-thread-1] Cannot create routes. Need to check routing file !!!
2020-05-08 15:54:04,854 INFO com.dz.apigw.msgqueue.AMQPMsgRouter [pool-18-thread-1] Routing file updated
2020-05-08 15:54:04,855 ERROR com.dz.apigw.msgqueue.AMQPMsgRouter [pool-18-thread-1] Exception parsing xml file: java.net.MalformedURLException: no protocol: ${apigw.route.authentication.path}
2020-05-08 15:54:04,855 WARN com.dz.apigw.msgqueue.AMQPMsgRouter [pool-18-thread-1] Cannot create routes. Need to check routing file !!!
2020-05-08 15:54:14,858 INFO com.dz.apigw.msgqueue.AMQPMsgRouter [pool-18-thread-1] Routing file updated
2020-05-08 15:54:14,859 ERROR com.dz.apigw.msgqueue.AMQPMsgRouter [pool-18-thread-1] Exception parsing xml file: java.net.MalformedURLException: no protocol: ${apigw.route.authentication.path}
2020-05-08 15:54:14,859 WARN com.dz.apigw.msgqueue.AMQPMsgRouter [pool-18-thread-1] Cannot create routes. Need to check routing file !!!
2020-05-08 15:54:24,861 INFO com.dz.apigw.msgqueue.AMQPMsgRouter [pool-18-thread-1] Routing file updated
2020-05-08 15:54:24,862 ERROR com.dz.apigw.msgqueue.AMQPMsgRouter [pool-18-thread-1] Exception parsing xml file: java.net.MalformedURLException: no protocol: ${apigw.route.authentication.path}
2020-05-08 15:54:24,863 WARN com.dz.apigw.msgqueue.AMQPMsgRouter [pool-18-thread-1] Cannot create routes. Need to check routing file !!!
2020-05-08 15:54:34,863 INFO com.dz.apigw.msgqueue.AMQPMsgRouter [pool-18-thread-1] Routing file updated
2020-05-08 15:54:34,864 ERROR com.dz.apigw.msgqueue.AMQPMsgRouter [pool-18-thread-1] Exception parsing xml file: java.net.MalformedURLException: no protocol: ${apigw.route.authentication.path}
2020-05-08 15:54:34,864 WARN com.dz.apigw.msgqueue.AMQPMsgRouter [pool-18-thread-1] Cannot create routes. Need to check routing file !!!
2020-05-08 15:54:44,870 INFO com.dz.apigw.msgqueue.AMQPMsgRouter [pool-18-thread-1] Routing file updated
2020-05-08 15:54:44,871 ERROR com.dz.apigw.msgqueue.AMQPMsgRouter [pool-18-thread-1] Exception parsing xml file: java.net.MalformedURLException: no protocol: ${apigw.route.authentication.path}
2020-05-08 15:54:44,872 WARN com.dz.apigw.msgqueue.AMQPMsgRouter [pool-18-thread-1] Cannot create routes. Need to check routing file !!!
2020-05-08 15:54:54,876 INFO com.dz.apigw.msgqueue.AMQPMsgRouter [pool-18-thread-1] Routing file updated
2020-05-08 15:54:54,877 ERROR com.dz.apigw.msgqueue.AMQPMsgRouter [pool-18-thread-1] Exception parsing xml file: java.net.MalformedURLException: no protocol: ${apigw.route.authentication.path}
2020-05-08 15:54:54,877 WARN com.dz.apigw.msgqueue.AMQPMsgRouter [pool-18-thread-1] Cannot create routes. Need to check routing file !!!
2020-05-08 15:55:04,879 INFO com.dz.apigw.msgqueue.AMQPMsgRouter [pool-18-thread-1] Routing file updated
2020-05-08 15:55:04,881 ERROR com.dz.apigw.msgqueue.AMQPMsgRouter [pool-18-thread-1] Exception parsing xml file: java.net.MalformedURLException: no protocol: ${apigw.route.authentication.path}
2020-05-08 15:55:04,882 WARN com.dz.apigw.msgqueue.AMQPMsgRouter [pool-18-thread-1] Cannot create routes. Need to check routing file !!!
2020-05-08 15:55:14,884 INFO com.dz.apigw.msgqueue.AMQPMsgRouter [pool-18-thread-1] Routing file updated
2020-05-08 15:55:14,888 ERROR com.dz.apigw.msgqueue.AMQPMsgRouter [pool-18-thread-1] Exception parsing xml file: java.net.MalformedURLException: no protocol: ${apigw.route.authentication.path}
2020-05-08 15:55:14,889 WARN com.dz.apigw.msgqueue.AMQPMsgRouter [pool-18-thread-1] Cannot create routes. Need to check routing file !!!
2020-05-08 15:55:24,894 INFO com.dz.apigw.msgqueue.AMQPMsgRouter [pool-18-thread-1] Routing file updated
2020-05-08 15:55:24,896 ERROR com.dz.apigw.msgqueue.AMQPMsgRouter [pool-18-thread-1] Exception parsing xml file: java.net.MalformedURLException: no protocol: ${apigw.route.authentication.path}
2020-05-08 15:55:24,896 WARN com.dz.apigw.msgqueue.AMQPMsgRouter [pool-18-thread-1] Cannot create routes. Need to check routing file !!!
2020-05-08 15:55:34,900 INFO com.dz.apigw.msgqueue.AMQPMsgRouter [pool-18-thread-1] Routing file updated
2020-05-08 15:55:34,901 ERROR com.dz.apigw.msgqueue.AMQPMsgRouter [pool-18-thread-1] Exception parsing xml file: java.net.MalformedURLException: no protocol: ${apigw.route.authentication.path}
2020-05-08 15:55:34,901 WARN com.dz.apigw.msgqueue.AMQPMsgRouter [pool-18-thread-1] Cannot create routes. Need to check routing file !!!
2020-05-08 15:55:44,902 INFO com.dz.apigw.msgqueue.AMQPMsgRouter [pool-18-thread-1] Routing file updated
2020-05-08 15:55:44,903 ERROR com.dz.apigw.msgqueue.AMQPMsgRouter [pool-18-thread-1] Exception parsing xml file: java.net.MalformedURLException: no protocol: ${apigw.route.authentication.path}
2020-05-08 15:55:44,903 WARN com.dz.apigw.msgqueue.AMQPMsgRouter [pool-18-thread-1] Cannot create routes. Need to check routing file !!!
2020-05-08 15:55:54,905 INFO com.dz.apigw.msgqueue.AMQPMsgRouter [pool-18-thread-1] Routing file updated
2020-05-08 15:55:54,906 ERROR com.dz.apigw.msgqueue.AMQPMsgRouter [pool-18-thread-1] Exception parsing xml file: java.net.MalformedURLException: no protocol: ${apigw.route.authentication.path}
2020-05-08 15:55:54,906 WARN com.dz.apigw.msgqueue.AMQPMsgRouter [pool-18-thread-1] Cannot create routes. Need to check routing file !!!
2020-05-08 15:56:04,909 INFO com.dz.apigw.msgqueue.AMQPMsgRouter [pool-18-thread-1] Routing file updated
2020-05-08 15:56:04,912 ERROR com.dz.apigw.msgqueue.AMQPMsgRouter [pool-18-thread-1] Exception parsing xml file: java.net.MalformedURLException: no protocol: ${apigw.route.authentication.path}
2020-05-08 15:56:04,912 WARN com.dz.apigw.msgqueue.AMQPMsgRouter [pool-18-thread-1] Cannot create routes. Need to check routing file !!!
2020-05-08 15:56:14,917 INFO com.dz.apigw.msgqueue.AMQPMsgRouter [pool-18-thread-1] Routing file updated
2020-05-08 15:56:14,918 ERROR com.dz.apigw.msgqueue.AMQPMsgRouter [pool-18-thread-1] Exception parsing xml file: java.net.MalformedURLException: no protocol: ${apigw.route.authentication.path}
2020-05-08 15:56:14,918 WARN com.dz.apigw.msgqueue.AMQPMsgRouter [pool-18-thread-1] Cannot create routes. Need to check routing file !!!
2020-05-08 15:56:24,921 INFO com.dz.apigw.msgqueue.AMQPMsgRouter [pool-18-thread-1] Routing file updated
2020-05-08 15:56:24,923 ERROR com.dz.apigw.msgqueue.AMQPMsgRouter [pool-18-thread-1] Exception parsing xml file: java.net.MalformedURLException: no protocol: ${apigw.route.authentication.path}
2020-05-08 15:56:24,923 WARN com.dz.apigw.msgqueue.AMQPMsgRouter [pool-18-thread-1] Cannot create routes. Need to check routing file !!!
2020-05-08 15:56:34,926 INFO com.dz.apigw.msgqueue.AMQPMsgRouter [pool-18-thread-1] Routing file updated
2020-05-08 15:56:34,927 ERROR com.dz.apigw.msgqueue.AMQPMsgRouter [pool-18-thread-1] Exception parsing xml file: java.net.MalformedURLException: no protocol: ${apigw.route.authentication.path}
2020-05-08 15:56:34,927 WARN com.dz.apigw.msgqueue.AMQPMsgRouter [pool-18-thread-1] Cannot create routes. Need to check routing file !!!
2020-05-08 15:56:44,930 INFO com.dz.apigw.msgqueue.AMQPMsgRouter [pool-18-thread-1] Routing file updated
2020-05-08 15:56:44,932 ERROR com.dz.apigw.msgqueue.AMQPMsgRouter [pool-18-thread-1] Exception parsing xml file: java.net.MalformedURLException: no protocol: ${apigw.route.authentication.path}
2020-05-08 15:56:44,933 WARN com.dz.apigw.msgqueue.AMQPMsgRouter [pool-18-thread-1] Cannot create routes. Need to check routing file !!!
2020-05-08 15:56:54,937 INFO com.dz.apigw.msgqueue.AMQPMsgRouter [pool-18-thread-1] Routing file updated
2020-05-08 15:56:54,939 ERROR com.dz.apigw.msgqueue.AMQPMsgRouter [pool-18-thread-1] Exception parsing xml file: java.net.MalformedURLException: no protocol: ${apigw.route.authentication.path}
2020-05-08 15:56:54,939 WARN com.dz.apigw.msgqueue.AMQPMsgRouter [pool-18-thread-1] Cannot create routes. Need to check routing file !!!
2020-05-08 15:57:04,940 INFO com.dz.apigw.msgqueue.AMQPMsgRouter [pool-18-thread-1] Routing file updated
2020-05-08 15:57:04,941 ERROR com.dz.apigw.msgqueue.AMQPMsgRouter [pool-18-thread-1] Exception parsing xml file: java.net.MalformedURLException: no protocol: ${apigw.route.authentication.path}
2020-05-08 15:57:04,941 WARN com.dz.apigw.msgqueue.AMQPMsgRouter [pool-18-thread-1] Cannot create routes. Need to check routing file !!!
2020-05-08 15:57:08,683 INFO com.dz.apigw.msgqueue.AMQPMsgRouter [pool-21-thread-1] Routing file updated
2020-05-08 15:57:08,683 ERROR com.dz.apigw.msgqueue.AMQPMsgRouter [pool-21-thread-1] Exception parsing xml file: java.net.MalformedURLException: no protocol: ${apigw.route.authentication.path}
2020-05-08 15:57:08,683 WARN com.dz.apigw.msgqueue.AMQPMsgRouter [pool-21-thread-1] Cannot create routes. Need to check routing file !!!
2020-05-08 15:57:18,689 INFO com.dz.apigw.msgqueue.AMQPMsgRouter [pool-21-thread-1] Routing file updated
2020-05-08 15:57:18,690 ERROR com.dz.apigw.msgqueue.AMQPMsgRouter [pool-21-thread-1] Exception parsing xml file: java.net.MalformedURLException: no protocol: ${apigw.route.authentication.path}
2020-05-08 15:57:18,691 WARN com.dz.apigw.msgqueue.AMQPMsgRouter [pool-21-thread-1] Cannot create routes. Need to check routing file !!!
2020-05-08 15:57:28,692 INFO com.dz.apigw.msgqueue.AMQPMsgRouter [pool-21-thread-1] Routing file updated
2020-05-08 15:57:28,693 ERROR com.dz.apigw.msgqueue.AMQPMsgRouter [pool-21-thread-1] Exception parsing xml file: java.net.MalformedURLException: no protocol: ${apigw.route.authentication.path}
2020-05-08 15:57:28,693 WARN com.dz.apigw.msgqueue.AMQPMsgRouter [pool-21-thread-1] Cannot create routes. Need to check routing file !!!
2020-05-08 15:57:36,415 ERROR com.dz.apigw.msgqueue.AMQPMsgRouter [pool-24-thread-1] Exception checking routing table file: java.lang.NullPointerException
2020-05-08 15:57:46,420 ERROR com.dz.apigw.msgqueue.AMQPMsgRouter [pool-24-thread-1] Exception checking routing table file: java.lang.NullPointerException
2020-05-08 15:57:56,422 ERROR com.dz.apigw.msgqueue.AMQPMsgRouter [pool-24-thread-1] Exception checking routing table file: java.lang.NullPointerException
2020-05-08 15:58:06,434 ERROR com.dz.apigw.msgqueue.AMQPMsgRouter [pool-24-thread-1] Exception checking routing table file: java.lang.NullPointerException
2020-05-08 15:58:16,369 ERROR com.dz.apigw.msgqueue.AMQPMsgRouter [pool-27-thread-1] Exception checking routing table file: java.lang.NullPointerException
2020-05-08 15:58:26,374 ERROR com.dz.apigw.msgqueue.AMQPMsgRouter [pool-27-thread-1] Exception checking routing table file: java.lang.NullPointerException
2020-05-08 15:58:36,376 ERROR com.dz.apigw.msgqueue.AMQPMsgRouter [pool-27-thread-1] Exception checking routing table file: java.lang.NullPointerException
2020-05-08 15:58:46,378 ERROR com.dz.apigw.msgqueue.AMQPMsgRouter [pool-27-thread-1] Exception checking routing table file: java.lang.NullPointerException
2020-05-08 15:58:56,382 ERROR com.dz.apigw.msgqueue.AMQPMsgRouter [pool-27-thread-1] Exception checking routing table file: java.lang.NullPointerException
2020-05-08 15:59:06,387 ERROR com.dz.apigw.msgqueue.AMQPMsgRouter [pool-27-thread-1] Exception checking routing table file: java.lang.NullPointerException
2020-05-08 15:59:16,390 ERROR com.dz.apigw.msgqueue.AMQPMsgRouter [pool-27-thread-1] Exception checking routing table file: java.lang.NullPointerException
2020-05-08 15:59:26,395 ERROR com.dz.apigw.msgqueue.AMQPMsgRouter [pool-27-thread-1] Exception checking routing table file: java.lang.NullPointerException
2020-05-08 15:59:36,397 ERROR com.dz.apigw.msgqueue.AMQPMsgRouter [pool-27-thread-1] Exception checking routing table file: java.lang.NullPointerException
2020-05-08 15:59:46,400 ERROR com.dz.apigw.msgqueue.AMQPMsgRouter [pool-27-thread-1] Exception checking routing table file: java.lang.NullPointerException
2020-05-08 15:59:56,405 ERROR com.dz.apigw.msgqueue.AMQPMsgRouter [pool-27-thread-1] Exception checking routing table file: java.lang.NullPointerException
2020-05-08 16:00:06,407 ERROR com.dz.apigw.msgqueue.AMQPMsgRouter [pool-27-thread-1] Exception checking routing table file: java.lang.NullPointerException
2020-05-08 16:00:16,412 ERROR com.dz.apigw.msgqueue.AMQPMsgRouter [pool-27-thread-1] Exception checking routing table file: java.lang.NullPointerException
2020-05-08 16:00:26,415 ERROR com.dz.apigw.msgqueue.AMQPMsgRouter [pool-27-thread-1] Exception checking routing table file: java.lang.NullPointerException
2020-05-08 16:00:36,421 ERROR com.dz.apigw.msgqueue.AMQPMsgRouter [pool-27-thread-1] Exception checking routing table file: java.lang.NullPointerException
2020-05-08 16:00:46,425 ERROR com.dz.apigw.msgqueue.AMQPMsgRouter [pool-27-thread-1] Exception checking routing table file: java.lang.NullPointerException
2020-05-08 16:00:56,429 ERROR com.dz.apigw.msgqueue.AMQPMsgRouter [pool-27-thread-1] Exception checking routing table file: java.lang.NullPointerException
2020-05-08 16:01:06,432 ERROR com.dz.apigw.msgqueue.AMQPMsgRouter [pool-27-thread-1] Exception checking routing table file: java.lang.NullPointerException
2020-05-08 16:01:16,439 ERROR com.dz.apigw.msgqueue.AMQPMsgRouter [pool-27-thread-1] Exception checking routing table file: java.lang.NullPointerException
2020-05-08 16:01:26,444 ERROR com.dz.apigw.msgqueue.AMQPMsgRouter [pool-27-thread-1] Exception checking routing table file: java.lang.NullPointerException
2020-05-08 16:01:36,445 ERROR com.dz.apigw.msgqueue.AMQPMsgRouter [pool-27-thread-1] Exception checking routing table file: java.lang.NullPointerException
2020-05-08 16:01:46,449 ERROR com.dz.apigw.msgqueue.AMQPMsgRouter [pool-27-thread-1] Exception checking routing table file: java.lang.NullPointerException
2020-05-08 16:01:56,452 ERROR com.dz.apigw.msgqueue.AMQPMsgRouter [pool-27-thread-1] Exception checking routing table file: java.lang.NullPointerException
2020-05-08 16:02:06,456 ERROR com.dz.apigw.msgqueue.AMQPMsgRouter [pool-27-thread-1] Exception checking routing table file: java.lang.NullPointerException
2020-05-08 16:02:16,457 ERROR com.dz.apigw.msgqueue.AMQPMsgRouter [pool-27-thread-1] Exception checking routing table file: java.lang.NullPointerException
2020-05-08 16:02:26,463 ERROR com.dz.apigw.msgqueue.AMQPMsgRouter [pool-27-thread-1] Exception checking routing table file: java.lang.NullPointerException
2020-05-08 16:02:36,466 ERROR com.dz.apigw.msgqueue.AMQPMsgRouter [pool-27-thread-1] Exception checking routing table file: java.lang.NullPointerException
2020-05-08 16:02:46,469 ERROR com.dz.apigw.msgqueue.AMQPMsgRouter [pool-27-thread-1] Exception checking routing table file: java.lang.NullPointerException
2020-05-08 16:02:56,472 ERROR com.dz.apigw.msgqueue.AMQPMsgRouter [pool-27-thread-1] Exception checking routing table file: java.lang.NullPointerException
2020-05-08 16:03:06,473 ERROR com.dz.apigw.msgqueue.AMQPMsgRouter [pool-27-thread-1] Exception checking routing table file: java.lang.NullPointerException
2020-05-08 16:03:16,476 ERROR com.dz.apigw.msgqueue.AMQPMsgRouter [pool-27-thread-1] Exception checking routing table file: java.lang.NullPointerException
2020-05-08 16:03:26,481 ERROR com.dz.apigw.msgqueue.AMQPMsgRouter [pool-27-thread-1] Exception checking routing table file: java.lang.NullPointerException
2020-05-08 16:03:36,482 ERROR com.dz.apigw.msgqueue.AMQPMsgRouter [pool-27-thread-1] Exception checking routing table file: java.lang.NullPointerException
2020-05-08 16:09:06,993 INFO com.dz.apigw.msgqueue.AMQPMsgRouter [pool-9-thread-1] Routing file updated
2020-05-08 16:09:06,998 ERROR com.dz.apigw.msgqueue.AMQPMsgRouter [pool-9-thread-1] Exception parsing xml file: java.io.FileNotFoundException: /Users/dungt/Google Drive (ttd1711drive1@gmail.com)/4. Programming/1. JAVA/CBCOM-PAYMENTGW/JavaServices/apigw-paymentgw/123 (No such file or directory)
2020-05-08 16:09:07,000 WARN com.dz.apigw.msgqueue.AMQPMsgRouter [pool-9-thread-1] Cannot create routes. Need to check routing file !!!
2020-05-08 16:09:17,002 INFO com.dz.apigw.msgqueue.AMQPMsgRouter [pool-9-thread-1] Routing file updated
2020-05-08 16:09:17,003 ERROR com.dz.apigw.msgqueue.AMQPMsgRouter [pool-9-thread-1] Exception parsing xml file: java.io.FileNotFoundException: /Users/dungt/Google Drive (ttd1711drive1@gmail.com)/4. Programming/1. JAVA/CBCOM-PAYMENTGW/JavaServices/apigw-paymentgw/123 (No such file or directory)
2020-05-08 16:09:17,004 WARN com.dz.apigw.msgqueue.AMQPMsgRouter [pool-9-thread-1] Cannot create routes. Need to check routing file !!!
2020-05-08 16:09:27,005 INFO com.dz.apigw.msgqueue.AMQPMsgRouter [pool-9-thread-1] Routing file updated
2020-05-08 16:09:27,007 ERROR com.dz.apigw.msgqueue.AMQPMsgRouter [pool-9-thread-1] Exception parsing xml file: java.io.FileNotFoundException: /Users/dungt/Google Drive (ttd1711drive1@gmail.com)/4. Programming/1. JAVA/CBCOM-PAYMENTGW/JavaServices/apigw-paymentgw/123 (No such file or directory)
2020-05-08 16:09:27,007 WARN com.dz.apigw.msgqueue.AMQPMsgRouter [pool-9-thread-1] Cannot create routes. Need to check routing file !!!
2020-05-08 16:09:37,011 INFO com.dz.apigw.msgqueue.AMQPMsgRouter [pool-9-thread-1] Routing file updated
2020-05-08 16:09:37,012 ERROR com.dz.apigw.msgqueue.AMQPMsgRouter [pool-9-thread-1] Exception parsing xml file: java.io.FileNotFoundException: /Users/dungt/Google Drive (ttd1711drive1@gmail.com)/4. Programming/1. JAVA/CBCOM-PAYMENTGW/JavaServices/apigw-paymentgw/123 (No such file or directory)
2020-05-08 16:09:37,013 WARN com.dz.apigw.msgqueue.AMQPMsgRouter [pool-9-thread-1] Cannot create routes. Need to check routing file !!!
2020-05-08 16:09:47,018 INFO com.dz.apigw.msgqueue.AMQPMsgRouter [pool-9-thread-1] Routing file updated
2020-05-08 16:09:47,019 ERROR com.dz.apigw.msgqueue.AMQPMsgRouter [pool-9-thread-1] Exception parsing xml file: java.io.FileNotFoundException: /Users/dungt/Google Drive (ttd1711drive1@gmail.com)/4. Programming/1. JAVA/CBCOM-PAYMENTGW/JavaServices/apigw-paymentgw/123 (No such file or directory)
2020-05-08 16:09:47,019 WARN com.dz.apigw.msgqueue.AMQPMsgRouter [pool-9-thread-1] Cannot create routes. Need to check routing file !!!
2020-05-08 16:09:57,023 INFO com.dz.apigw.msgqueue.AMQPMsgRouter [pool-9-thread-1] Routing file updated
2020-05-08 16:09:57,024 ERROR com.dz.apigw.msgqueue.AMQPMsgRouter [pool-9-thread-1] Exception parsing xml file: java.io.FileNotFoundException: /Users/dungt/Google Drive (ttd1711drive1@gmail.com)/4. Programming/1. JAVA/CBCOM-PAYMENTGW/JavaServices/apigw-paymentgw/123 (No such file or directory)
2020-05-08 16:09:57,025 WARN com.dz.apigw.msgqueue.AMQPMsgRouter [pool-9-thread-1] Cannot create routes. Need to check routing file !!!
2020-05-08 16:10:07,027 INFO com.dz.apigw.msgqueue.AMQPMsgRouter [pool-9-thread-1] Routing file updated
2020-05-08 16:10:07,029 ERROR com.dz.apigw.msgqueue.AMQPMsgRouter [pool-9-thread-1] Exception parsing xml file: java.io.FileNotFoundException: /Users/dungt/Google Drive (ttd1711drive1@gmail.com)/4. Programming/1. JAVA/CBCOM-PAYMENTGW/JavaServices/apigw-paymentgw/123 (No such file or directory)
2020-05-08 16:10:07,029 WARN com.dz.apigw.msgqueue.AMQPMsgRouter [pool-9-thread-1] Cannot create routes. Need to check routing file !!!
2020-05-08 16:10:17,035 INFO com.dz.apigw.msgqueue.AMQPMsgRouter [pool-9-thread-1] Routing file updated
2020-05-08 16:10:17,037 ERROR com.dz.apigw.msgqueue.AMQPMsgRouter [pool-9-thread-1] Exception parsing xml file: java.io.FileNotFoundException: /Users/dungt/Google Drive (ttd1711drive1@gmail.com)/4. Programming/1. JAVA/CBCOM-PAYMENTGW/JavaServices/apigw-paymentgw/123 (No such file or directory)
2020-05-08 16:10:17,037 WARN com.dz.apigw.msgqueue.AMQPMsgRouter [pool-9-thread-1] Cannot create routes. Need to check routing file !!!
2020-05-08 16:10:27,041 INFO com.dz.apigw.msgqueue.AMQPMsgRouter [pool-9-thread-1] Routing file updated
2020-05-08 16:10:27,043 ERROR com.dz.apigw.msgqueue.AMQPMsgRouter [pool-9-thread-1] Exception parsing xml file: java.io.FileNotFoundException: /Users/dungt/Google Drive (ttd1711drive1@gmail.com)/4. Programming/1. JAVA/CBCOM-PAYMENTGW/JavaServices/apigw-paymentgw/123 (No such file or directory)
2020-05-08 16:10:27,043 WARN com.dz.apigw.msgqueue.AMQPMsgRouter [pool-9-thread-1] Cannot create routes. Need to check routing file !!!
2020-05-08 16:10:34,906 INFO com.dz.apigw.msgqueue.AMQPMsgRouter [pool-12-thread-1] Routing file updated
2020-05-08 16:10:34,908 ERROR com.dz.apigw.msgqueue.AMQPMsgRouter [pool-12-thread-1] Exception parsing xml file: java.io.FileNotFoundException: /Users/dungt/Google Drive (ttd1711drive1@gmail.com)/4. Programming/1. JAVA/CBCOM-PAYMENTGW/JavaServices/apigw-paymentgw/123 (No such file or directory)
2020-05-08 16:10:34,908 WARN com.dz.apigw.msgqueue.AMQPMsgRouter [pool-12-thread-1] Cannot create routes. Need to check routing file !!!
2020-05-08 16:10:44,911 INFO com.dz.apigw.msgqueue.AMQPMsgRouter [pool-12-thread-1] Routing file updated
2020-05-08 16:10:44,913 ERROR com.dz.apigw.msgqueue.AMQPMsgRouter [pool-12-thread-1] Exception parsing xml file: java.io.FileNotFoundException: /Users/dungt/Google Drive (ttd1711drive1@gmail.com)/4. Programming/1. JAVA/CBCOM-PAYMENTGW/JavaServices/apigw-paymentgw/123 (No such file or directory)
2020-05-08 16:10:44,913 WARN com.dz.apigw.msgqueue.AMQPMsgRouter [pool-12-thread-1] Cannot create routes. Need to check routing file !!!
2020-05-08 16:10:54,916 INFO com.dz.apigw.msgqueue.AMQPMsgRouter [pool-12-thread-1] Routing file updated
2020-05-08 16:10:54,918 ERROR com.dz.apigw.msgqueue.AMQPMsgRouter [pool-12-thread-1] Exception parsing xml file: java.io.FileNotFoundException: /Users/dungt/Google Drive (ttd1711drive1@gmail.com)/4. Programming/1. JAVA/CBCOM-PAYMENTGW/JavaServices/apigw-paymentgw/123 (No such file or directory)
2020-05-08 16:10:54,918 WARN com.dz.apigw.msgqueue.AMQPMsgRouter [pool-12-thread-1] Cannot create routes. Need to check routing file !!!
2020-05-08 16:11:04,922 INFO com.dz.apigw.msgqueue.AMQPMsgRouter [pool-12-thread-1] Routing file updated
2020-05-08 16:11:04,923 ERROR com.dz.apigw.msgqueue.AMQPMsgRouter [pool-12-thread-1] Exception parsing xml file: java.io.FileNotFoundException: /Users/dungt/Google Drive (ttd1711drive1@gmail.com)/4. Programming/1. JAVA/CBCOM-PAYMENTGW/JavaServices/apigw-paymentgw/123 (No such file or directory)
2020-05-08 16:11:04,923 WARN com.dz.apigw.msgqueue.AMQPMsgRouter [pool-12-thread-1] Cannot create routes. Need to check routing file !!!
2020-05-08 16:14:33,503 INFO com.dz.apigw.msgqueue.AMQPMsgRouter [pool-15-thread-1] Routing file updated
2020-05-08 16:14:33,504 ERROR com.dz.apigw.msgqueue.AMQPMsgRouter [pool-15-thread-1] Exception parsing xml file: java.io.FileNotFoundException: /Users/dungt/Google Drive (ttd1711drive1@gmail.com)/4. Programming/1. JAVA/CBCOM-PAYMENTGW/JavaServices/apigw-paymentgw/123 (No such file or directory)
2020-05-08 16:14:33,504 WARN com.dz.apigw.msgqueue.AMQPMsgRouter [pool-15-thread-1] Cannot create routes. Need to check routing file !!!
2020-05-08 16:14:42,361 INFO com.dz.apigw.msgqueue.AMQPMsgRouter [pool-18-thread-1] Routing file updated
2020-05-08 16:14:42,363 ERROR com.dz.apigw.msgqueue.AMQPMsgRouter [pool-18-thread-1] Exception parsing xml file: java.net.MalformedURLException: no protocol: ${rabbitmq.filePath}
2020-05-08 16:14:42,363 WARN com.dz.apigw.msgqueue.AMQPMsgRouter [pool-18-thread-1] Cannot create routes. Need to check routing file !!!
2020-05-08 16:14:52,366 INFO com.dz.apigw.msgqueue.AMQPMsgRouter [pool-18-thread-1] Routing file updated
2020-05-08 16:14:52,367 ERROR com.dz.apigw.msgqueue.AMQPMsgRouter [pool-18-thread-1] Exception parsing xml file: java.net.MalformedURLException: no protocol: ${rabbitmq.filePath}
2020-05-08 16:14:52,367 WARN com.dz.apigw.msgqueue.AMQPMsgRouter [pool-18-thread-1] Cannot create routes. Need to check routing file !!!
2020-05-08 16:15:02,372 INFO com.dz.apigw.msgqueue.AMQPMsgRouter [pool-18-thread-1] Routing file updated
2020-05-08 16:15:02,373 ERROR com.dz.apigw.msgqueue.AMQPMsgRouter [pool-18-thread-1] Exception parsing xml file: java.net.MalformedURLException: no protocol: ${rabbitmq.filePath}
2020-05-08 16:15:02,373 WARN com.dz.apigw.msgqueue.AMQPMsgRouter [pool-18-thread-1] Cannot create routes. Need to check routing file !!!
2020-05-08 16:15:12,375 INFO com.dz.apigw.msgqueue.AMQPMsgRouter [pool-18-thread-1] Routing file updated
2020-05-08 16:15:12,376 ERROR com.dz.apigw.msgqueue.AMQPMsgRouter [pool-18-thread-1] Exception parsing xml file: java.net.MalformedURLException: no protocol: ${rabbitmq.filePath}
2020-05-08 16:15:12,376 WARN com.dz.apigw.msgqueue.AMQPMsgRouter [pool-18-thread-1] Cannot create routes. Need to check routing file !!!
2020-05-08 16:15:22,378 INFO com.dz.apigw.msgqueue.AMQPMsgRouter [pool-18-thread-1] Routing file updated
2020-05-08 16:15:22,380 ERROR com.dz.apigw.msgqueue.AMQPMsgRouter [pool-18-thread-1] Exception parsing xml file: java.net.MalformedURLException: no protocol: ${rabbitmq.filePath}
2020-05-08 16:15:22,380 WARN com.dz.apigw.msgqueue.AMQPMsgRouter [pool-18-thread-1] Cannot create routes. Need to check routing file !!!
2020-05-08 16:15:32,381 INFO com.dz.apigw.msgqueue.AMQPMsgRouter [pool-18-thread-1] Routing file updated
2020-05-08 16:15:32,383 ERROR com.dz.apigw.msgqueue.AMQPMsgRouter [pool-18-thread-1] Exception parsing xml file: java.net.MalformedURLException: no protocol: ${rabbitmq.filePath}
2020-05-08 16:15:32,383 WARN com.dz.apigw.msgqueue.AMQPMsgRouter [pool-18-thread-1] Cannot create routes. Need to check routing file !!!
2020-05-08 16:15:42,388 INFO com.dz.apigw.msgqueue.AMQPMsgRouter [pool-18-thread-1] Routing file updated
2020-05-08 16:15:42,389 ERROR com.dz.apigw.msgqueue.AMQPMsgRouter [pool-18-thread-1] Exception parsing xml file: java.net.MalformedURLException: no protocol: ${rabbitmq.filePath}
2020-05-08 16:15:42,390 WARN com.dz.apigw.msgqueue.AMQPMsgRouter [pool-18-thread-1] Cannot create routes. Need to check routing file !!!
2020-05-08 16:15:52,394 INFO com.dz.apigw.msgqueue.AMQPMsgRouter [pool-18-thread-1] Routing file updated
2020-05-08 16:15:52,395 ERROR com.dz.apigw.msgqueue.AMQPMsgRouter [pool-18-thread-1] Exception parsing xml file: java.net.MalformedURLException: no protocol: ${rabbitmq.filePath}
2020-05-08 16:15:52,395 WARN com.dz.apigw.msgqueue.AMQPMsgRouter [pool-18-thread-1] Cannot create routes. Need to check routing file !!!
2020-05-08 16:16:02,400 INFO com.dz.apigw.msgqueue.AMQPMsgRouter [pool-18-thread-1] Routing file updated
2020-05-08 16:16:02,402 ERROR com.dz.apigw.msgqueue.AMQPMsgRouter [pool-18-thread-1] Exception parsing xml file: java.net.MalformedURLException: no protocol: ${rabbitmq.filePath}
2020-05-08 16:16:02,402 WARN com.dz.apigw.msgqueue.AMQPMsgRouter [pool-18-thread-1] Cannot create routes. Need to check routing file !!!
2020-05-08 16:16:12,405 INFO com.dz.apigw.msgqueue.AMQPMsgRouter [pool-18-thread-1] Routing file updated
2020-05-08 16:16:12,406 ERROR com.dz.apigw.msgqueue.AMQPMsgRouter [pool-18-thread-1] Exception parsing xml file: java.net.MalformedURLException: no protocol: ${rabbitmq.filePath}
2020-05-08 16:16:12,406 WARN com.dz.apigw.msgqueue.AMQPMsgRouter [pool-18-thread-1] Cannot create routes. Need to check routing file !!!
2020-05-08 16:16:22,409 INFO com.dz.apigw.msgqueue.AMQPMsgRouter [pool-18-thread-1] Routing file updated
2020-05-08 16:16:22,411 ERROR com.dz.apigw.msgqueue.AMQPMsgRouter [pool-18-thread-1] Exception parsing xml file: java.net.MalformedURLException: no protocol: ${rabbitmq.filePath}
2020-05-08 16:16:22,411 WARN com.dz.apigw.msgqueue.AMQPMsgRouter [pool-18-thread-1] Cannot create routes. Need to check routing file !!!
2020-05-08 16:16:32,415 INFO com.dz.apigw.msgqueue.AMQPMsgRouter [pool-18-thread-1] Routing file updated
2020-05-08 16:16:32,416 ERROR com.dz.apigw.msgqueue.AMQPMsgRouter [pool-18-thread-1] Exception parsing xml file: java.net.MalformedURLException: no protocol: ${rabbitmq.filePath}
2020-05-08 16:16:32,416 WARN com.dz.apigw.msgqueue.AMQPMsgRouter [pool-18-thread-1] Cannot create routes. Need to check routing file !!!
2020-05-08 16:16:42,420 INFO com.dz.apigw.msgqueue.AMQPMsgRouter [pool-18-thread-1] Routing file updated
2020-05-08 16:16:42,422 ERROR com.dz.apigw.msgqueue.AMQPMsgRouter [pool-18-thread-1] Exception parsing xml file: java.net.MalformedURLException: no protocol: ${rabbitmq.filePath}
2020-05-08 16:16:42,422 WARN com.dz.apigw.msgqueue.AMQPMsgRouter [pool-18-thread-1] Cannot create routes. Need to check routing file !!!
2020-05-08 16:16:52,426 INFO com.dz.apigw.msgqueue.AMQPMsgRouter [pool-18-thread-1] Routing file updated
2020-05-08 16:16:52,428 ERROR com.dz.apigw.msgqueue.AMQPMsgRouter [pool-18-thread-1] Exception parsing xml file: java.net.MalformedURLException: no protocol: ${rabbitmq.filePath}
2020-05-08 16:16:52,428 WARN com.dz.apigw.msgqueue.AMQPMsgRouter [pool-18-thread-1] Cannot create routes. Need to check routing file !!!
2020-05-08 16:17:02,433 INFO com.dz.apigw.msgqueue.AMQPMsgRouter [pool-18-thread-1] Routing file updated
2020-05-08 16:17:02,434 ERROR com.dz.apigw.msgqueue.AMQPMsgRouter [pool-18-thread-1] Exception parsing xml file: java.net.MalformedURLException: no protocol: ${rabbitmq.filePath}
2020-05-08 16:17:02,434 WARN com.dz.apigw.msgqueue.AMQPMsgRouter [pool-18-thread-1] Cannot create routes. Need to check routing file !!!
2020-05-08 16:17:12,439 INFO com.dz.apigw.msgqueue.AMQPMsgRouter [pool-18-thread-1] Routing file updated
2020-05-08 16:17:12,440 ERROR com.dz.apigw.msgqueue.AMQPMsgRouter [pool-18-thread-1] Exception parsing xml file: java.net.MalformedURLException: no protocol: ${rabbitmq.filePath}
2020-05-08 16:17:12,440 WARN com.dz.apigw.msgqueue.AMQPMsgRouter [pool-18-thread-1] Cannot create routes. Need to check routing file !!!
2020-05-08 16:17:22,442 INFO com.dz.apigw.msgqueue.AMQPMsgRouter [pool-18-thread-1] Routing file updated
2020-05-08 16:17:22,444 ERROR com.dz.apigw.msgqueue.AMQPMsgRouter [pool-18-thread-1] Exception parsing xml file: java.net.MalformedURLException: no protocol: ${rabbitmq.filePath}
2020-05-08 16:17:22,445 WARN com.dz.apigw.msgqueue.AMQPMsgRouter [pool-18-thread-1] Cannot create routes. Need to check routing file !!!
2020-05-08 16:17:29,961 INFO com.dz.apigw.msgqueue.AMQPMsgRouter [pool-21-thread-1] Routing file updated
2020-05-08 16:17:29,963 ERROR com.dz.apigw.msgqueue.AMQPMsgRouter [pool-21-thread-1] Exception parsing xml file: java.net.MalformedURLException: no protocol: ${rabbitmq.filePath}
2020-05-08 16:17:29,963 WARN com.dz.apigw.msgqueue.AMQPMsgRouter [pool-21-thread-1] Cannot create routes. Need to check routing file !!!
2020-05-08 16:17:39,966 INFO com.dz.apigw.msgqueue.AMQPMsgRouter [pool-21-thread-1] Routing file updated
2020-05-08 16:17:39,967 ERROR com.dz.apigw.msgqueue.AMQPMsgRouter [pool-21-thread-1] Exception parsing xml file: java.net.MalformedURLException: no protocol: ${rabbitmq.filePath}
2020-05-08 16:17:39,967 WARN com.dz.apigw.msgqueue.AMQPMsgRouter [pool-21-thread-1] Cannot create routes. Need to check routing file !!!
2020-05-08 16:17:46,818 INFO com.dz.apigw.msgqueue.AMQPMsgRouter [pool-24-thread-1] Routing file updated
2020-05-08 16:17:46,819 ERROR com.dz.apigw.msgqueue.AMQPMsgRouter [pool-24-thread-1] Exception parsing xml file: java.io.FileNotFoundException: /Users/dungt/Google Drive (ttd1711drive1@gmail.com)/4. Programming/1. JAVA/CBCOM-PAYMENTGW/JavaServices/apigw-paymentgw/123 (No such file or directory)
2020-05-08 16:17:46,819 WARN com.dz.apigw.msgqueue.AMQPMsgRouter [pool-24-thread-1] Cannot create routes. Need to check routing file !!!
2020-05-08 16:25:17,647 INFO com.dz.apigw.msgqueue.AMQPMsgRouter [pool-6-thread-1] Routing file updated
2020-05-08 16:25:17,670 ERROR com.dz.apigw.msgqueue.AMQPMsgRouter [pool-6-thread-1] Exception creating routes: java.lang.NullPointerException
2020-05-08 16:26:04,434 INFO com.dz.apigw.msgqueue.AMQPMsgRouter [pool-9-thread-1] Routing file updated
2020-05-08 16:26:04,437 ERROR com.dz.apigw.msgqueue.AMQPMsgRouter [pool-9-thread-1] Exception creating routes: java.lang.NullPointerException
2020-05-08 16:27:24,671 INFO com.dz.apigw.msgqueue.AMQPMsgRouter [pool-12-thread-1] Routing file updated
2020-05-08 16:27:24,674 ERROR com.dz.apigw.msgqueue.AMQPMsgRouter [pool-12-thread-1] Exception creating routes: java.lang.NullPointerException
2020-05-08 16:28:02,879 INFO com.dz.apigw.msgqueue.AMQPMsgRouter [pool-15-thread-1] Routing file updated
2020-05-08 16:28:02,885 ERROR com.dz.apigw.msgqueue.AMQPMsgRouter [pool-15-thread-1] Exception creating routes: java.lang.NullPointerException
2020-05-08 16:28:46,852 INFO com.dz.apigw.msgqueue.AMQPMsgRouter [pool-18-thread-1] Routing file updated
2020-05-08 16:28:46,860 ERROR com.dz.apigw.msgqueue.AMQPMsgRouter [pool-18-thread-1] Exception creating routes: java.lang.NullPointerException
2020-05-08 16:29:07,954 INFO com.dz.apigw.msgqueue.AMQPMsgRouter [pool-21-thread-1] Routing file updated
2020-05-08 16:29:07,956 ERROR com.dz.apigw.msgqueue.AMQPMsgRouter [pool-21-thread-1] Exception creating routes: java.lang.NullPointerException
2020-05-08 16:31:45,422 INFO com.dz.apigw.msgqueue.AMQPMsgRouter [pool-24-thread-1] Routing file updated
2020-05-08 16:31:45,424 ERROR com.dz.apigw.msgqueue.AMQPMsgRouter [pool-24-thread-1] Exception creating routes: java.lang.NullPointerException
2020-05-08 16:41:58,178 INFO com.dz.apigw.msgqueue.AMQPMsgRouter [pool-27-thread-1] Routing file updated
2020-05-08 16:41:58,182 ERROR com.dz.apigw.msgqueue.AMQPMsgRouter [pool-27-thread-1] Exception creating routes: java.lang.NullPointerException
2020-05-08 16:42:43,922 INFO com.dz.apigw.msgqueue.AMQPMsgRouter [pool-30-thread-1] Routing file updated
2020-05-08 16:42:43,925 ERROR com.dz.apigw.msgqueue.AMQPMsgRouter [pool-30-thread-1] Exception creating routes: java.lang.NullPointerException
2020-05-08 16:43:04,711 INFO com.dz.apigw.msgqueue.AMQPMsgRouter [pool-33-thread-1] Routing file updated
2020-05-08 16:43:04,714 ERROR com.dz.apigw.msgqueue.AMQPMsgRouter [pool-33-thread-1] Exception creating routes: java.lang.NullPointerException
2020-05-08 16:49:43,816 INFO com.dz.apigw.msgqueue.AMQPConfig [restartedMain] Creating connection factory with: root@127.0.0.1:5672
2020-05-08 16:49:44,125 INFO com.dz.apigw.msgqueue.AMQPMsgRouter [pool-36-thread-1] Routing file updated
2020-05-08 16:49:44,127 ERROR com.dz.apigw.msgqueue.AMQPMsgRouter [pool-36-thread-1] Exception creating routes: java.lang.NullPointerException
2020-05-08 16:50:59,954 INFO com.dz.apigw.msgqueue.AMQPMsgRouter [pool-39-thread-1] Routing file updated
2020-05-08 16:50:59,957 ERROR com.dz.apigw.msgqueue.AMQPMsgRouter [pool-39-thread-1] Exception creating routes: java.lang.NullPointerException
2020-05-08 16:51:15,734 INFO com.dz.apigw.msgqueue.AMQPMsgRouter [pool-3-thread-1] Routing file updated
2020-05-08 16:51:15,743 ERROR com.dz.apigw.msgqueue.AMQPMsgRouter [pool-3-thread-1] Exception creating routes: java.lang.NullPointerException
2020-05-08 16:54:14,404 INFO com.dz.apigw.msgqueue.AMQPMsgRouter [pool-6-thread-1] Routing file updated
2020-05-08 16:54:24,410 INFO com.dz.apigw.msgqueue.AMQPMsgRouter [pool-6-thread-1] Routing file updated
2020-05-08 16:54:34,416 INFO com.dz.apigw.msgqueue.AMQPMsgRouter [pool-6-thread-1] Routing file updated
2020-05-08 16:54:44,417 INFO com.dz.apigw.msgqueue.AMQPMsgRouter [pool-6-thread-1] Routing file updated
2020-05-08 16:54:54,422 INFO com.dz.apigw.msgqueue.AMQPMsgRouter [pool-6-thread-1] Routing file updated
2020-05-08 16:55:04,427 INFO com.dz.apigw.msgqueue.AMQPMsgRouter [pool-6-thread-1] Routing file updated
2020-05-08 16:55:14,431 INFO com.dz.apigw.msgqueue.AMQPMsgRouter [pool-6-thread-1] Routing file updated
2020-05-08 16:55:24,436 INFO com.dz.apigw.msgqueue.AMQPMsgRouter [pool-6-thread-1] Routing file updated
2020-05-08 16:55:34,438 INFO com.dz.apigw.msgqueue.AMQPMsgRouter [pool-6-thread-1] Routing file updated
2020-05-08 16:55:44,443 INFO com.dz.apigw.msgqueue.AMQPMsgRouter [pool-6-thread-1] Routing file updated
2020-05-08 16:55:54,450 INFO com.dz.apigw.msgqueue.AMQPMsgRouter [pool-6-thread-1] Routing file updated
2020-05-08 16:56:04,452 INFO com.dz.apigw.msgqueue.AMQPMsgRouter [pool-6-thread-1] Routing file updated
2020-05-08 16:56:14,455 INFO com.dz.apigw.msgqueue.AMQPMsgRouter [pool-6-thread-1] Routing file updated
2020-05-08 16:56:24,458 INFO com.dz.apigw.msgqueue.AMQPMsgRouter [pool-6-thread-1] Routing file updated
2020-05-08 16:56:34,460 INFO com.dz.apigw.msgqueue.AMQPMsgRouter [pool-6-thread-1] Routing file updated
2020-05-08 16:56:44,464 INFO com.dz.apigw.msgqueue.AMQPMsgRouter [pool-6-thread-1] Routing file updated
2020-05-08 16:56:56,292 INFO com.dz.apigw.msgqueue.AMQPMsgRouter [pool-9-thread-1] Routing file updated
2020-05-08 16:56:56,295 ERROR com.dz.apigw.msgqueue.AMQPMsgRouter [pool-9-thread-1] Exception creating routes: java.lang.NullPointerException
2020-05-08 16:57:56,123 INFO com.dz.apigw.msgqueue.AMQPMsgRouter [pool-12-thread-1] Routing file updated
2020-05-08 16:57:56,126 ERROR com.dz.apigw.msgqueue.AMQPMsgRouter [pool-12-thread-1] Exception creating routes: java.lang.NullPointerException
2020-05-08 16:59:54,352 INFO com.dz.apigw.msgqueue.AMQPMsgRouter [pool-15-thread-1] Routing file updated
2020-05-08 16:59:54,354 ERROR com.dz.apigw.msgqueue.AMQPMsgRouter [pool-15-thread-1] Exception creating routes: java.lang.NullPointerException
2020-05-08 17:01:15,243 INFO com.dz.apigw.msgqueue.AMQPMsgRouter [pool-21-thread-1] Routing file updated
2020-05-08 17:01:15,248 ERROR com.dz.apigw.msgqueue.AMQPMsgRouter [pool-21-thread-1] Exception creating routes: java.lang.NullPointerException
