2020-04-10 17:57:07,035 INFO com.dz.apigw.security.AuthorizationIPAddressFilter [http-nio-8881-exec-1] 0:0:0:0:0:0:0:1|> GET /
2020-04-10 17:57:07,037 INFO com.dz.apigw.security.AuthorizationIPAddressFilter [http-nio-8881-exec-1] 0:0:0:0:0:0:0:1|> host: localhost:8881
2020-04-10 17:57:07,037 INFO com.dz.apigw.security.AuthorizationIPAddressFilter [http-nio-8881-exec-1] 0:0:0:0:0:0:0:1|> upgrade-insecure-requests: 1
2020-04-10 17:57:07,038 INFO com.dz.apigw.security.AuthorizationIPAddressFilter [http-nio-8881-exec-1] 0:0:0:0:0:0:0:1|> accept: text/html,application/xhtml+xml,application/xml;q=0.9,*/*;q=0.8
2020-04-10 17:57:07,038 INFO com.dz.apigw.security.AuthorizationIPAddressFilter [http-nio-8881-exec-1] 0:0:0:0:0:0:0:1|> user-agent: Mozilla/5.0 (Macintosh; Intel Mac OS X 10_14_6) AppleWebKit/605.1.15 (KHTML, like Gecko) Version/13.0.5 Safari/605.1.15
2020-04-10 17:57:07,038 INFO com.dz.apigw.security.AuthorizationIPAddressFilter [http-nio-8881-exec-1] 0:0:0:0:0:0:0:1|> accept-language: en-us
2020-04-10 17:57:07,038 INFO com.dz.apigw.security.AuthorizationIPAddressFilter [http-nio-8881-exec-1] 0:0:0:0:0:0:0:1|> accept-encoding: gzip, deflate
2020-04-10 17:57:07,038 INFO com.dz.apigw.security.AuthorizationIPAddressFilter [http-nio-8881-exec-1] 0:0:0:0:0:0:0:1|> connection: keep-alive
2020-04-10 17:57:07,038 INFO com.dz.apigw.security.AuthorizationIPAddressFilter [http-nio-8881-exec-1] 0:0:0:0:0:0:0:1|>
2020-04-10 17:57:07,039 TRACE com.dz.apigw.security.AuthorizationIPAddressFilter [http-nio-8881-exec-1] Checking Remote Ip Adress '0:0:0:0:0:0:0:1' for the request
2020-04-10 17:57:07,039 ERROR com.dz.apigw.security.AuthorizationIPAddressFilter [http-nio-8881-exec-1] Ip Adress '0:0:0:0:0:0:0:1' is not allowed
2020-04-10 17:57:07,039 TRACE com.dz.apigw.security.JwtAuthorizationTokenFilter [http-nio-8881-exec-1] Processing authentication for 'http://localhost:8881/' ...
2020-04-10 17:57:07,039 DEBUG com.dz.apigw.security.JwtAuthorizationTokenFilter [http-nio-8881-exec-1] The request header is 'null'
2020-04-10 17:57:07,039 DEBUG com.dz.apigw.security.JwtAuthorizationTokenFilter [http-nio-8881-exec-1] Looking for the header start with 'PGW'
2020-04-10 17:57:07,040 WARN com.dz.apigw.security.JwtAuthorizationTokenFilter [http-nio-8881-exec-1] couldn't find PGW string, will ignore the header
2020-04-10 17:57:07,051 INFO com.dz.apigw.security.AuthorizationIPAddressFilter [http-nio-8881-exec-1] 0:0:0:0:0:0:0:1|< 401 Unauthorized
2020-04-10 17:57:07,051 INFO com.dz.apigw.security.AuthorizationIPAddressFilter [http-nio-8881-exec-1] 0:0:0:0:0:0:0:1|< X-Content-Type-Options: nosniff
2020-04-10 17:57:07,052 INFO com.dz.apigw.security.AuthorizationIPAddressFilter [http-nio-8881-exec-1] 0:0:0:0:0:0:0:1|< X-XSS-Protection: 1; mode=block
2020-04-10 17:57:07,052 INFO com.dz.apigw.security.AuthorizationIPAddressFilter [http-nio-8881-exec-1] 0:0:0:0:0:0:0:1|< Cache-Control: no-cache, no-store, max-age=0, must-revalidate
2020-04-10 17:57:07,052 INFO com.dz.apigw.security.AuthorizationIPAddressFilter [http-nio-8881-exec-1] 0:0:0:0:0:0:0:1|< Pragma: no-cache
2020-04-10 17:57:07,052 INFO com.dz.apigw.security.AuthorizationIPAddressFilter [http-nio-8881-exec-1] 0:0:0:0:0:0:0:1|< Expires: 0
2020-04-10 17:57:07,052 INFO com.dz.apigw.security.AuthorizationIPAddressFilter [http-nio-8881-exec-1] 0:0:0:0:0:0:0:1|< X-Frame-Options: SAMEORIGIN
2020-04-10 17:57:07,052 INFO com.dz.apigw.security.AuthorizationIPAddressFilter [http-nio-8881-exec-1] 0:0:0:0:0:0:0:1|<
2020-04-10 17:57:07,189 INFO com.dz.apigw.security.AuthorizationIPAddressFilter [http-nio-8881-exec-2] 0:0:0:0:0:0:0:1|> GET /favicon.ico
2020-04-10 17:57:07,190 INFO com.dz.apigw.security.AuthorizationIPAddressFilter [http-nio-8881-exec-2] 0:0:0:0:0:0:0:1|> host: localhost:8881
2020-04-10 17:57:07,190 INFO com.dz.apigw.security.AuthorizationIPAddressFilter [http-nio-8881-exec-2] 0:0:0:0:0:0:0:1|> connection: keep-alive
2020-04-10 17:57:07,190 INFO com.dz.apigw.security.AuthorizationIPAddressFilter [http-nio-8881-exec-2] 0:0:0:0:0:0:0:1|> accept: */*
2020-04-10 17:57:07,190 INFO com.dz.apigw.security.AuthorizationIPAddressFilter [http-nio-8881-exec-2] 0:0:0:0:0:0:0:1|> user-agent: Mozilla/5.0 (Macintosh; Intel Mac OS X 10_14_6) AppleWebKit/605.1.15 (KHTML, like Gecko) Version/13.0.5 Safari/605.1.15
2020-04-10 17:57:07,191 INFO com.dz.apigw.security.AuthorizationIPAddressFilter [http-nio-8881-exec-2] 0:0:0:0:0:0:0:1|> accept-language: en-us
2020-04-10 17:57:07,191 INFO com.dz.apigw.security.AuthorizationIPAddressFilter [http-nio-8881-exec-2] 0:0:0:0:0:0:0:1|> referer: http://localhost:8881/
2020-04-10 17:57:07,191 INFO com.dz.apigw.security.AuthorizationIPAddressFilter [http-nio-8881-exec-2] 0:0:0:0:0:0:0:1|> accept-encoding: gzip, deflate
2020-04-10 17:57:07,191 INFO com.dz.apigw.security.AuthorizationIPAddressFilter [http-nio-8881-exec-2] 0:0:0:0:0:0:0:1|>
2020-04-10 17:57:07,191 TRACE com.dz.apigw.security.AuthorizationIPAddressFilter [http-nio-8881-exec-2] Checking Remote Ip Adress '0:0:0:0:0:0:0:1' for the request
2020-04-10 17:57:07,194 ERROR com.dz.apigw.security.AuthorizationIPAddressFilter [http-nio-8881-exec-2] Ip Adress '0:0:0:0:0:0:0:1' is not allowed
2020-04-10 17:57:07,194 TRACE com.dz.apigw.security.JwtAuthorizationTokenFilter [http-nio-8881-exec-2] Processing authentication for 'http://localhost:8881/favicon.ico' ...
2020-04-10 17:57:07,195 DEBUG com.dz.apigw.security.JwtAuthorizationTokenFilter [http-nio-8881-exec-2] The request header is 'null'
2020-04-10 17:57:07,195 DEBUG com.dz.apigw.security.JwtAuthorizationTokenFilter [http-nio-8881-exec-2] Looking for the header start with 'PGW'
2020-04-10 17:57:07,195 WARN com.dz.apigw.security.JwtAuthorizationTokenFilter [http-nio-8881-exec-2] couldn't find PGW string, will ignore the header
2020-04-10 17:57:07,196 INFO com.dz.apigw.security.AuthorizationIPAddressFilter [http-nio-8881-exec-2] 0:0:0:0:0:0:0:1|< 401 Unauthorized
2020-04-10 17:57:07,196 INFO com.dz.apigw.security.AuthorizationIPAddressFilter [http-nio-8881-exec-2] 0:0:0:0:0:0:0:1|< X-Content-Type-Options: nosniff
2020-04-10 17:57:07,196 INFO com.dz.apigw.security.AuthorizationIPAddressFilter [http-nio-8881-exec-2] 0:0:0:0:0:0:0:1|< X-XSS-Protection: 1; mode=block
2020-04-10 17:57:07,197 INFO com.dz.apigw.security.AuthorizationIPAddressFilter [http-nio-8881-exec-2] 0:0:0:0:0:0:0:1|< Cache-Control: no-cache, no-store, max-age=0, must-revalidate
2020-04-10 17:57:07,197 INFO com.dz.apigw.security.AuthorizationIPAddressFilter [http-nio-8881-exec-2] 0:0:0:0:0:0:0:1|< Pragma: no-cache
2020-04-10 17:57:07,197 INFO com.dz.apigw.security.AuthorizationIPAddressFilter [http-nio-8881-exec-2] 0:0:0:0:0:0:0:1|< Expires: 0
2020-04-10 17:57:07,197 INFO com.dz.apigw.security.AuthorizationIPAddressFilter [http-nio-8881-exec-2] 0:0:0:0:0:0:0:1|< X-Frame-Options: SAMEORIGIN
2020-04-10 17:57:07,197 INFO com.dz.apigw.security.AuthorizationIPAddressFilter [http-nio-8881-exec-2] 0:0:0:0:0:0:0:1|<
2020-04-10 18:22:50,934 INFO com.dz.apigw.security.AuthorizationIPAddressFilter [http-nio-8881-exec-5] 0:0:0:0:0:0:0:1|> GET /
2020-04-10 18:22:50,935 INFO com.dz.apigw.security.AuthorizationIPAddressFilter [http-nio-8881-exec-5] 0:0:0:0:0:0:0:1|> host: localhost:8881
2020-04-10 18:22:50,935 INFO com.dz.apigw.security.AuthorizationIPAddressFilter [http-nio-8881-exec-5] 0:0:0:0:0:0:0:1|> upgrade-insecure-requests: 1
2020-04-10 18:22:50,935 INFO com.dz.apigw.security.AuthorizationIPAddressFilter [http-nio-8881-exec-5] 0:0:0:0:0:0:0:1|> accept: text/html,application/xhtml+xml,application/xml;q=0.9,*/*;q=0.8
2020-04-10 18:22:50,936 INFO com.dz.apigw.security.AuthorizationIPAddressFilter [http-nio-8881-exec-5] 0:0:0:0:0:0:0:1|> user-agent: Mozilla/5.0 (Macintosh; Intel Mac OS X 10_14_6) AppleWebKit/605.1.15 (KHTML, like Gecko) Version/13.0.5 Safari/605.1.15
2020-04-10 18:22:50,936 INFO com.dz.apigw.security.AuthorizationIPAddressFilter [http-nio-8881-exec-5] 0:0:0:0:0:0:0:1|> accept-language: en-us
2020-04-10 18:22:50,936 INFO com.dz.apigw.security.AuthorizationIPAddressFilter [http-nio-8881-exec-5] 0:0:0:0:0:0:0:1|> accept-encoding: gzip, deflate
2020-04-10 18:22:50,936 INFO com.dz.apigw.security.AuthorizationIPAddressFilter [http-nio-8881-exec-5] 0:0:0:0:0:0:0:1|> connection: keep-alive
2020-04-10 18:22:50,936 INFO com.dz.apigw.security.AuthorizationIPAddressFilter [http-nio-8881-exec-5] 0:0:0:0:0:0:0:1|>
2020-04-10 18:22:50,936 TRACE com.dz.apigw.security.AuthorizationIPAddressFilter [http-nio-8881-exec-5] Checking Remote Ip Adress '0:0:0:0:0:0:0:1' for the request
2020-04-10 18:22:50,936 ERROR com.dz.apigw.security.AuthorizationIPAddressFilter [http-nio-8881-exec-5] Ip Adress '0:0:0:0:0:0:0:1' is not allowed
2020-04-10 18:22:50,937 TRACE com.dz.apigw.security.JwtAuthorizationTokenFilter [http-nio-8881-exec-5] Processing authentication for 'http://localhost:8881/' ...
2020-04-10 18:22:50,937 DEBUG com.dz.apigw.security.JwtAuthorizationTokenFilter [http-nio-8881-exec-5] The request header is 'null'
2020-04-10 18:22:50,937 DEBUG com.dz.apigw.security.JwtAuthorizationTokenFilter [http-nio-8881-exec-5] Looking for the header start with 'PGW'
2020-04-10 18:22:50,937 WARN com.dz.apigw.security.JwtAuthorizationTokenFilter [http-nio-8881-exec-5] couldn't find PGW string, will ignore the header
2020-04-10 18:22:50,938 INFO com.dz.apigw.security.AuthorizationIPAddressFilter [http-nio-8881-exec-5] 0:0:0:0:0:0:0:1|< 401 Unauthorized
2020-04-10 18:22:50,938 INFO com.dz.apigw.security.AuthorizationIPAddressFilter [http-nio-8881-exec-5] 0:0:0:0:0:0:0:1|< X-Content-Type-Options: nosniff
2020-04-10 18:22:50,938 INFO com.dz.apigw.security.AuthorizationIPAddressFilter [http-nio-8881-exec-5] 0:0:0:0:0:0:0:1|< X-XSS-Protection: 1; mode=block
2020-04-10 18:22:50,938 INFO com.dz.apigw.security.AuthorizationIPAddressFilter [http-nio-8881-exec-5] 0:0:0:0:0:0:0:1|< Cache-Control: no-cache, no-store, max-age=0, must-revalidate
2020-04-10 18:22:50,939 INFO com.dz.apigw.security.AuthorizationIPAddressFilter [http-nio-8881-exec-5] 0:0:0:0:0:0:0:1|< Pragma: no-cache
2020-04-10 18:22:50,939 INFO com.dz.apigw.security.AuthorizationIPAddressFilter [http-nio-8881-exec-5] 0:0:0:0:0:0:0:1|< Expires: 0
2020-04-10 18:22:50,939 INFO com.dz.apigw.security.AuthorizationIPAddressFilter [http-nio-8881-exec-5] 0:0:0:0:0:0:0:1|< X-Frame-Options: SAMEORIGIN
2020-04-10 18:22:50,939 INFO com.dz.apigw.security.AuthorizationIPAddressFilter [http-nio-8881-exec-5] 0:0:0:0:0:0:0:1|<
2020-04-10 18:24:27,172 INFO com.dz.apigw.security.AuthorizationIPAddressFilter [http-nio-8881-exec-7] 0:0:0:0:0:0:0:1|> GET /
2020-04-10 18:24:27,172 INFO com.dz.apigw.security.AuthorizationIPAddressFilter [http-nio-8881-exec-7] 0:0:0:0:0:0:0:1|> host: localhost:8881
2020-04-10 18:24:27,172 INFO com.dz.apigw.security.AuthorizationIPAddressFilter [http-nio-8881-exec-7] 0:0:0:0:0:0:0:1|> upgrade-insecure-requests: 1
2020-04-10 18:24:27,172 INFO com.dz.apigw.security.AuthorizationIPAddressFilter [http-nio-8881-exec-7] 0:0:0:0:0:0:0:1|> accept: text/html,application/xhtml+xml,application/xml;q=0.9,*/*;q=0.8
2020-04-10 18:24:27,173 INFO com.dz.apigw.security.AuthorizationIPAddressFilter [http-nio-8881-exec-7] 0:0:0:0:0:0:0:1|> user-agent: Mozilla/5.0 (Macintosh; Intel Mac OS X 10_14_6) AppleWebKit/605.1.15 (KHTML, like Gecko) Version/13.0.5 Safari/605.1.15
2020-04-10 18:24:27,173 INFO com.dz.apigw.security.AuthorizationIPAddressFilter [http-nio-8881-exec-7] 0:0:0:0:0:0:0:1|> accept-language: en-us
2020-04-10 18:24:27,173 INFO com.dz.apigw.security.AuthorizationIPAddressFilter [http-nio-8881-exec-7] 0:0:0:0:0:0:0:1|> accept-encoding: gzip, deflate
2020-04-10 18:24:27,173 INFO com.dz.apigw.security.AuthorizationIPAddressFilter [http-nio-8881-exec-7] 0:0:0:0:0:0:0:1|> connection: keep-alive
2020-04-10 18:24:27,173 INFO com.dz.apigw.security.AuthorizationIPAddressFilter [http-nio-8881-exec-7] 0:0:0:0:0:0:0:1|>
2020-04-10 18:24:27,173 TRACE com.dz.apigw.security.AuthorizationIPAddressFilter [http-nio-8881-exec-7] Checking Remote Ip Adress '0:0:0:0:0:0:0:1' for the request
2020-04-10 18:24:27,173 ERROR com.dz.apigw.security.AuthorizationIPAddressFilter [http-nio-8881-exec-7] Ip Adress '0:0:0:0:0:0:0:1' is not allowed
2020-04-10 18:24:27,174 TRACE com.dz.apigw.security.JwtAuthorizationTokenFilter [http-nio-8881-exec-7] Processing authentication for 'http://localhost:8881/' ...
2020-04-10 18:24:27,174 DEBUG com.dz.apigw.security.JwtAuthorizationTokenFilter [http-nio-8881-exec-7] The request header is 'null'
2020-04-10 18:24:27,174 DEBUG com.dz.apigw.security.JwtAuthorizationTokenFilter [http-nio-8881-exec-7] Looking for the header start with 'PGW'
2020-04-10 18:24:27,174 WARN com.dz.apigw.security.JwtAuthorizationTokenFilter [http-nio-8881-exec-7] couldn't find PGW string, will ignore the header
2020-04-10 18:24:27,175 INFO com.dz.apigw.security.AuthorizationIPAddressFilter [http-nio-8881-exec-7] 0:0:0:0:0:0:0:1|< 401 Unauthorized
2020-04-10 18:24:27,175 INFO com.dz.apigw.security.AuthorizationIPAddressFilter [http-nio-8881-exec-7] 0:0:0:0:0:0:0:1|< X-Content-Type-Options: nosniff
2020-04-10 18:24:27,175 INFO com.dz.apigw.security.AuthorizationIPAddressFilter [http-nio-8881-exec-7] 0:0:0:0:0:0:0:1|< X-XSS-Protection: 1; mode=block
2020-04-10 18:24:27,175 INFO com.dz.apigw.security.AuthorizationIPAddressFilter [http-nio-8881-exec-7] 0:0:0:0:0:0:0:1|< Cache-Control: no-cache, no-store, max-age=0, must-revalidate
2020-04-10 18:24:27,175 INFO com.dz.apigw.security.AuthorizationIPAddressFilter [http-nio-8881-exec-7] 0:0:0:0:0:0:0:1|< Pragma: no-cache
2020-04-10 18:24:27,175 INFO com.dz.apigw.security.AuthorizationIPAddressFilter [http-nio-8881-exec-7] 0:0:0:0:0:0:0:1|< Expires: 0
2020-04-10 18:24:27,175 INFO com.dz.apigw.security.AuthorizationIPAddressFilter [http-nio-8881-exec-7] 0:0:0:0:0:0:0:1|< X-Frame-Options: SAMEORIGIN
2020-04-10 18:24:27,176 INFO com.dz.apigw.security.AuthorizationIPAddressFilter [http-nio-8881-exec-7] 0:0:0:0:0:0:0:1|<
2020-04-10 18:24:28,370 INFO com.dz.apigw.security.AuthorizationIPAddressFilter [http-nio-8881-exec-8] 0:0:0:0:0:0:0:1|> GET /login
2020-04-10 18:24:28,371 INFO com.dz.apigw.security.AuthorizationIPAddressFilter [http-nio-8881-exec-8] 0:0:0:0:0:0:0:1|> host: localhost:8881
2020-04-10 18:24:28,372 INFO com.dz.apigw.security.AuthorizationIPAddressFilter [http-nio-8881-exec-8] 0:0:0:0:0:0:0:1|> upgrade-insecure-requests: 1
2020-04-10 18:24:28,373 INFO com.dz.apigw.security.AuthorizationIPAddressFilter [http-nio-8881-exec-8] 0:0:0:0:0:0:0:1|> accept: text/html,application/xhtml+xml,application/xml;q=0.9,*/*;q=0.8
2020-04-10 18:24:28,373 INFO com.dz.apigw.security.AuthorizationIPAddressFilter [http-nio-8881-exec-8] 0:0:0:0:0:0:0:1|> user-agent: Mozilla/5.0 (Macintosh; Intel Mac OS X 10_14_6) AppleWebKit/605.1.15 (KHTML, like Gecko) Version/13.0.5 Safari/605.1.15
2020-04-10 18:24:28,373 INFO com.dz.apigw.security.AuthorizationIPAddressFilter [http-nio-8881-exec-8] 0:0:0:0:0:0:0:1|> accept-language: en-us
2020-04-10 18:24:28,373 INFO com.dz.apigw.security.AuthorizationIPAddressFilter [http-nio-8881-exec-8] 0:0:0:0:0:0:0:1|> accept-encoding: gzip, deflate
2020-04-10 18:24:28,374 INFO com.dz.apigw.security.AuthorizationIPAddressFilter [http-nio-8881-exec-8] 0:0:0:0:0:0:0:1|> connection: keep-alive
2020-04-10 18:24:28,374 INFO com.dz.apigw.security.AuthorizationIPAddressFilter [http-nio-8881-exec-8] 0:0:0:0:0:0:0:1|>
2020-04-10 18:24:28,374 TRACE com.dz.apigw.security.AuthorizationIPAddressFilter [http-nio-8881-exec-8] Checking Remote Ip Adress '0:0:0:0:0:0:0:1' for the request
2020-04-10 18:24:28,375 ERROR com.dz.apigw.security.AuthorizationIPAddressFilter [http-nio-8881-exec-8] Ip Adress '0:0:0:0:0:0:0:1' is not allowed
2020-04-10 18:24:28,375 TRACE com.dz.apigw.security.JwtAuthorizationTokenFilter [http-nio-8881-exec-8] Processing authentication for 'http://localhost:8881/login' ...
2020-04-10 18:24:28,375 DEBUG com.dz.apigw.security.JwtAuthorizationTokenFilter [http-nio-8881-exec-8] The request header is 'null'
2020-04-10 18:24:28,375 DEBUG com.dz.apigw.security.JwtAuthorizationTokenFilter [http-nio-8881-exec-8] Looking for the header start with 'PGW'
2020-04-10 18:24:28,375 WARN com.dz.apigw.security.JwtAuthorizationTokenFilter [http-nio-8881-exec-8] couldn't find PGW string, will ignore the header
2020-04-10 18:24:28,376 INFO com.dz.apigw.security.AuthorizationIPAddressFilter [http-nio-8881-exec-8] 0:0:0:0:0:0:0:1|< 401 Unauthorized
2020-04-10 18:24:28,376 INFO com.dz.apigw.security.AuthorizationIPAddressFilter [http-nio-8881-exec-8] 0:0:0:0:0:0:0:1|< X-Content-Type-Options: nosniff
2020-04-10 18:24:28,376 INFO com.dz.apigw.security.AuthorizationIPAddressFilter [http-nio-8881-exec-8] 0:0:0:0:0:0:0:1|< X-XSS-Protection: 1; mode=block
2020-04-10 18:24:28,376 INFO com.dz.apigw.security.AuthorizationIPAddressFilter [http-nio-8881-exec-8] 0:0:0:0:0:0:0:1|< Cache-Control: no-cache, no-store, max-age=0, must-revalidate
2020-04-10 18:24:28,376 INFO com.dz.apigw.security.AuthorizationIPAddressFilter [http-nio-8881-exec-8] 0:0:0:0:0:0:0:1|< Pragma: no-cache
2020-04-10 18:24:28,377 INFO com.dz.apigw.security.AuthorizationIPAddressFilter [http-nio-8881-exec-8] 0:0:0:0:0:0:0:1|< Expires: 0
2020-04-10 18:24:28,377 INFO com.dz.apigw.security.AuthorizationIPAddressFilter [http-nio-8881-exec-8] 0:0:0:0:0:0:0:1|< X-Frame-Options: SAMEORIGIN
2020-04-10 18:24:28,377 INFO com.dz.apigw.security.AuthorizationIPAddressFilter [http-nio-8881-exec-8] 0:0:0:0:0:0:0:1|<
2020-04-10 18:24:28,441 INFO com.dz.apigw.security.AuthorizationIPAddressFilter [http-nio-8881-exec-9] 0:0:0:0:0:0:0:1|> GET /favicon.ico
2020-04-10 18:24:28,442 INFO com.dz.apigw.security.AuthorizationIPAddressFilter [http-nio-8881-exec-9] 0:0:0:0:0:0:0:1|> host: localhost:8881
2020-04-10 18:24:28,442 INFO com.dz.apigw.security.AuthorizationIPAddressFilter [http-nio-8881-exec-9] 0:0:0:0:0:0:0:1|> connection: keep-alive
2020-04-10 18:24:28,442 INFO com.dz.apigw.security.AuthorizationIPAddressFilter [http-nio-8881-exec-9] 0:0:0:0:0:0:0:1|> accept: */*
2020-04-10 18:24:28,442 INFO com.dz.apigw.security.AuthorizationIPAddressFilter [http-nio-8881-exec-9] 0:0:0:0:0:0:0:1|> user-agent: Mozilla/5.0 (Macintosh; Intel Mac OS X 10_14_6) AppleWebKit/605.1.15 (KHTML, like Gecko) Version/13.0.5 Safari/605.1.15
2020-04-10 18:24:28,442 INFO com.dz.apigw.security.AuthorizationIPAddressFilter [http-nio-8881-exec-9] 0:0:0:0:0:0:0:1|> accept-language: en-us
2020-04-10 18:24:28,442 INFO com.dz.apigw.security.AuthorizationIPAddressFilter [http-nio-8881-exec-9] 0:0:0:0:0:0:0:1|> referer: http://localhost:8881/login
2020-04-10 18:24:28,443 INFO com.dz.apigw.security.AuthorizationIPAddressFilter [http-nio-8881-exec-9] 0:0:0:0:0:0:0:1|> accept-encoding: gzip, deflate
2020-04-10 18:24:28,443 INFO com.dz.apigw.security.AuthorizationIPAddressFilter [http-nio-8881-exec-9] 0:0:0:0:0:0:0:1|>
2020-04-10 18:24:28,443 TRACE com.dz.apigw.security.AuthorizationIPAddressFilter [http-nio-8881-exec-9] Checking Remote Ip Adress '0:0:0:0:0:0:0:1' for the request
2020-04-10 18:24:28,443 ERROR com.dz.apigw.security.AuthorizationIPAddressFilter [http-nio-8881-exec-9] Ip Adress '0:0:0:0:0:0:0:1' is not allowed
2020-04-10 18:24:28,443 TRACE com.dz.apigw.security.JwtAuthorizationTokenFilter [http-nio-8881-exec-9] Processing authentication for 'http://localhost:8881/favicon.ico' ...
2020-04-10 18:24:28,443 DEBUG com.dz.apigw.security.JwtAuthorizationTokenFilter [http-nio-8881-exec-9] The request header is 'null'
2020-04-10 18:24:28,443 DEBUG com.dz.apigw.security.JwtAuthorizationTokenFilter [http-nio-8881-exec-9] Looking for the header start with 'PGW'
2020-04-10 18:24:28,444 WARN com.dz.apigw.security.JwtAuthorizationTokenFilter [http-nio-8881-exec-9] couldn't find PGW string, will ignore the header
2020-04-10 18:24:28,444 INFO com.dz.apigw.security.AuthorizationIPAddressFilter [http-nio-8881-exec-9] 0:0:0:0:0:0:0:1|< 401 Unauthorized
2020-04-10 18:24:28,444 INFO com.dz.apigw.security.AuthorizationIPAddressFilter [http-nio-8881-exec-9] 0:0:0:0:0:0:0:1|< X-Content-Type-Options: nosniff
2020-04-10 18:24:28,444 INFO com.dz.apigw.security.AuthorizationIPAddressFilter [http-nio-8881-exec-9] 0:0:0:0:0:0:0:1|< X-XSS-Protection: 1; mode=block
2020-04-10 18:24:28,445 INFO com.dz.apigw.security.AuthorizationIPAddressFilter [http-nio-8881-exec-9] 0:0:0:0:0:0:0:1|< Cache-Control: no-cache, no-store, max-age=0, must-revalidate
2020-04-10 18:24:28,445 INFO com.dz.apigw.security.AuthorizationIPAddressFilter [http-nio-8881-exec-9] 0:0:0:0:0:0:0:1|< Pragma: no-cache
2020-04-10 18:24:28,445 INFO com.dz.apigw.security.AuthorizationIPAddressFilter [http-nio-8881-exec-9] 0:0:0:0:0:0:0:1|< Expires: 0
2020-04-10 18:24:28,445 INFO com.dz.apigw.security.AuthorizationIPAddressFilter [http-nio-8881-exec-9] 0:0:0:0:0:0:0:1|< X-Frame-Options: SAMEORIGIN
2020-04-10 18:24:28,445 INFO com.dz.apigw.security.AuthorizationIPAddressFilter [http-nio-8881-exec-9] 0:0:0:0:0:0:0:1|<
