2020-05-05 13:09:25,570 INFO org.springframework.boot.StartupInfoLogger [restartedMain] Starting APIGWApplication on MacOnes-MacBook-Pro.local with PID 7889 (started by macbook in /Users/dungt/Google Drive (ttd1711drive1@gmail.com)/4. Programming/1. JAVA/CBCOM-PAYMENTGW/JavaServices/apigw-paymentgw)
2020-05-05 13:09:25,572 DEBUG org.springframework.boot.StartupInfoLogger [restartedMain] Running with Spring Boot v2.0.5.RELEASE, Spring v5.0.9.RELEASE
2020-05-05 13:09:25,572 INFO org.springframework.boot.SpringApplication [restartedMain] The following profiles are active: paymentgw
2020-05-05 13:09:26,232 DEBUG org.springframework.web.filter.GenericFilterBean [localhost-startStop-1] Initializing filter 'jwtAuthorizationTokenFilter'
2020-05-05 13:09:26,233 DEBUG org.springframework.web.filter.GenericFilterBean [localhost-startStop-1] Filter 'jwtAuthorizationTokenFilter' configured successfully
2020-05-05 13:09:26,234 DEBUG org.springframework.web.filter.GenericFilterBean [localhost-startStop-1] Initializing filter 'authorizationIPAddressFilter'
2020-05-05 13:09:26,234 DEBUG org.springframework.web.filter.GenericFilterBean [localhost-startStop-1] Filter 'authorizationIPAddressFilter' configured successfully
2020-05-05 13:09:26,918 INFO org.springframework.boot.StartupInfoLogger [restartedMain] Started APIGWApplication in 1.368 seconds (JVM running for 290.866)
2020-05-05 13:13:03,074 INFO org.springframework.boot.StartupInfoLogger [restartedMain] Starting APIGWApplication on MacOnes-MacBook-Pro.local with PID 7889 (started by macbook in /Users/dungt/Google Drive (ttd1711drive1@gmail.com)/4. Programming/1. JAVA/CBCOM-PAYMENTGW/JavaServices/apigw-paymentgw)
2020-05-05 13:13:03,074 DEBUG org.springframework.boot.StartupInfoLogger [restartedMain] Running with Spring Boot v2.0.5.RELEASE, Spring v5.0.9.RELEASE
2020-05-05 13:13:03,074 INFO org.springframework.boot.SpringApplication [restartedMain] The following profiles are active: paymentgw
2020-05-05 13:13:03,747 DEBUG org.springframework.web.filter.GenericFilterBean [localhost-startStop-1] Initializing filter 'jwtAuthorizationTokenFilter'
2020-05-05 13:13:03,747 DEBUG org.springframework.web.filter.GenericFilterBean [localhost-startStop-1] Filter 'jwtAuthorizationTokenFilter' configured successfully
2020-05-05 13:13:03,748 DEBUG org.springframework.web.filter.GenericFilterBean [localhost-startStop-1] Initializing filter 'authorizationIPAddressFilter'
2020-05-05 13:13:03,748 DEBUG org.springframework.web.filter.GenericFilterBean [localhost-startStop-1] Filter 'authorizationIPAddressFilter' configured successfully
2020-05-05 13:33:06,064 INFO org.springframework.boot.StartupInfoLogger [restartedMain] Starting APIGWApplication on MacOnes-MacBook-Pro.local with PID 7889 (started by macbook in /Users/dungt/Google Drive (ttd1711drive1@gmail.com)/4. Programming/1. JAVA/CBCOM-PAYMENTGW/JavaServices/apigw-paymentgw)
2020-05-05 13:33:06,064 DEBUG org.springframework.boot.StartupInfoLogger [restartedMain] Running with Spring Boot v2.0.5.RELEASE, Spring v5.0.9.RELEASE
2020-05-05 13:33:06,064 INFO org.springframework.boot.SpringApplication [restartedMain] The following profiles are active: paymentgw
2020-05-05 13:33:06,698 DEBUG org.springframework.web.filter.GenericFilterBean [localhost-startStop-1] Initializing filter 'jwtAuthorizationTokenFilter'
2020-05-05 13:33:06,699 DEBUG org.springframework.web.filter.GenericFilterBean [localhost-startStop-1] Filter 'jwtAuthorizationTokenFilter' configured successfully
2020-05-05 13:33:06,699 DEBUG org.springframework.web.filter.GenericFilterBean [localhost-startStop-1] Initializing filter 'authorizationIPAddressFilter'
2020-05-05 13:33:06,699 DEBUG org.springframework.web.filter.GenericFilterBean [localhost-startStop-1] Filter 'authorizationIPAddressFilter' configured successfully
2020-05-05 13:33:07,259 INFO org.springframework.boot.StartupInfoLogger [restartedMain] Started APIGWApplication in 1.218 seconds (JVM running for 1711.197)
2020-05-05 13:33:32,255 INFO org.springframework.boot.StartupInfoLogger [restartedMain] Starting APIGWApplication on MacOnes-MacBook-Pro.local with PID 7889 (started by macbook in /Users/dungt/Google Drive (ttd1711drive1@gmail.com)/4. Programming/1. JAVA/CBCOM-PAYMENTGW/JavaServices/apigw-paymentgw)
2020-05-05 13:33:32,255 DEBUG org.springframework.boot.StartupInfoLogger [restartedMain] Running with Spring Boot v2.0.5.RELEASE, Spring v5.0.9.RELEASE
2020-05-05 13:33:32,255 INFO org.springframework.boot.SpringApplication [restartedMain] The following profiles are active: paymentgw
2020-05-05 13:33:32,934 DEBUG org.springframework.web.filter.GenericFilterBean [localhost-startStop-1] Initializing filter 'jwtAuthorizationTokenFilter'
2020-05-05 13:33:32,934 DEBUG org.springframework.web.filter.GenericFilterBean [localhost-startStop-1] Filter 'jwtAuthorizationTokenFilter' configured successfully
2020-05-05 13:33:32,935 DEBUG org.springframework.web.filter.GenericFilterBean [localhost-startStop-1] Initializing filter 'authorizationIPAddressFilter'
2020-05-05 13:33:32,935 DEBUG org.springframework.web.filter.GenericFilterBean [localhost-startStop-1] Filter 'authorizationIPAddressFilter' configured successfully
2020-05-05 13:33:33,417 INFO org.springframework.boot.StartupInfoLogger [restartedMain] Started APIGWApplication in 1.18 seconds (JVM running for 1737.355)
2020-05-05 13:33:38,168 INFO org.springframework.boot.StartupInfoLogger [restartedMain] Starting APIGWApplication on MacOnes-MacBook-Pro.local with PID 7889 (started by macbook in /Users/dungt/Google Drive (ttd1711drive1@gmail.com)/4. Programming/1. JAVA/CBCOM-PAYMENTGW/JavaServices/apigw-paymentgw)
2020-05-05 13:33:38,169 DEBUG org.springframework.boot.StartupInfoLogger [restartedMain] Running with Spring Boot v2.0.5.RELEASE, Spring v5.0.9.RELEASE
2020-05-05 13:33:38,169 INFO org.springframework.boot.SpringApplication [restartedMain] The following profiles are active: paymentgw
2020-05-05 13:33:39,019 DEBUG org.springframework.web.filter.GenericFilterBean [localhost-startStop-1] Initializing filter 'jwtAuthorizationTokenFilter'
2020-05-05 13:33:39,020 DEBUG org.springframework.web.filter.GenericFilterBean [localhost-startStop-1] Filter 'jwtAuthorizationTokenFilter' configured successfully
2020-05-05 13:33:39,020 DEBUG org.springframework.web.filter.GenericFilterBean [localhost-startStop-1] Initializing filter 'authorizationIPAddressFilter'
2020-05-05 13:33:39,020 DEBUG org.springframework.web.filter.GenericFilterBean [localhost-startStop-1] Filter 'authorizationIPAddressFilter' configured successfully
2020-05-05 13:33:39,169 INFO com.dz.apigw.ShutdownThread [Thread-1] ===============================================
2020-05-05 13:33:39,169 INFO com.dz.apigw.ShutdownThread [Thread-37] ===============================================
2020-05-05 13:33:39,169 INFO com.dz.apigw.ShutdownThread [Thread-56] ===============================================
2020-05-05 13:33:39,169 INFO com.dz.apigw.ShutdownThread [Thread-76] ===============================================
2020-05-05 13:33:39,170 INFO com.dz.apigw.ShutdownThread [Thread-34] ===============================================
2020-05-05 13:33:39,170 INFO com.dz.apigw.ShutdownThread [Thread-24] ===============================================
2020-05-05 13:33:39,170 INFO com.dz.apigw.ShutdownThread [Thread-52] ===============================================
2020-05-05 13:33:39,170 INFO com.dz.apigw.ShutdownThread [Thread-6] ===============================================
2020-05-05 13:33:39,170 INFO com.dz.apigw.ShutdownThread [Thread-37] *                FLEXSIM API GW               *
2020-05-05 13:33:39,170 INFO com.dz.apigw.ShutdownThread [Thread-1] *                FLEXSIM API GW               *
2020-05-05 13:33:39,170 INFO com.dz.apigw.ShutdownThread [Thread-21] ===============================================
2020-05-05 13:33:39,170 INFO com.dz.apigw.ShutdownThread [Thread-56] *                FLEXSIM API GW               *
2020-05-05 13:33:39,171 INFO com.dz.apigw.ShutdownThread [Thread-76] *                FLEXSIM API GW               *
2020-05-05 13:33:39,170 INFO com.dz.apigw.ShutdownThread [Thread-47] ===============================================
2020-05-05 13:33:39,171 INFO com.dz.apigw.ShutdownThread [Thread-34] *                FLEXSIM API GW               *
2020-05-05 13:33:39,170 INFO com.dz.apigw.ShutdownThread [Thread-66] ===============================================
2020-05-05 13:33:39,171 INFO com.dz.apigw.ShutdownThread [Thread-24] *                FLEXSIM API GW               *
2020-05-05 13:33:39,171 INFO com.dz.apigw.ShutdownThread [Thread-21] *                FLEXSIM API GW               *
2020-05-05 13:33:39,171 INFO com.dz.apigw.ShutdownThread [Thread-47] *                FLEXSIM API GW               *
2020-05-05 13:33:39,171 INFO com.dz.apigw.ShutdownThread [Thread-52] *                FLEXSIM API GW               *
2020-05-05 13:33:39,171 INFO com.dz.apigw.ShutdownThread [Thread-6] *                FLEXSIM API GW               *
2020-05-05 13:33:39,171 INFO com.dz.apigw.ShutdownThread [Thread-37] *             Copyright by Dzungt             *
2020-05-05 13:33:39,171 INFO com.dz.apigw.ShutdownThread [Thread-1] *             Copyright by Dzungt             *
2020-05-05 13:33:39,171 INFO com.dz.apigw.ShutdownThread [Thread-6] *             Copyright by Dzungt             *
2020-05-05 13:33:39,171 INFO com.dz.apigw.ShutdownThread [Thread-37] ***********************************************
2020-05-05 13:33:39,171 INFO com.dz.apigw.ShutdownThread [Thread-56] *             Copyright by Dzungt             *
2020-05-05 13:33:39,171 INFO com.dz.apigw.ShutdownThread [Thread-76] *             Copyright by Dzungt             *
2020-05-05 13:33:39,171 INFO com.dz.apigw.ShutdownThread [Thread-34] *             Copyright by Dzungt             *
2020-05-05 13:33:39,171 INFO com.dz.apigw.ShutdownThread [Thread-66] *                FLEXSIM API GW               *
2020-05-05 13:33:39,171 INFO com.dz.apigw.ShutdownThread [Thread-47] *             Copyright by Dzungt             *
2020-05-05 13:33:39,171 INFO com.dz.apigw.ShutdownThread [Thread-21] *             Copyright by Dzungt             *
2020-05-05 13:33:39,171 INFO com.dz.apigw.ShutdownThread [Thread-66] *             Copyright by Dzungt             *
2020-05-05 13:33:39,171 INFO com.dz.apigw.ShutdownThread [Thread-24] *             Copyright by Dzungt             *
2020-05-05 13:33:39,171 INFO com.dz.apigw.ShutdownThread [Thread-52] *             Copyright by Dzungt             *
2020-05-05 13:33:39,171 INFO com.dz.apigw.ShutdownThread [Thread-1] ***********************************************
2020-05-05 13:33:39,171 INFO com.dz.apigw.ShutdownThread [Thread-24] ***********************************************
2020-05-05 13:33:39,171 INFO com.dz.apigw.ShutdownThread [Thread-52] ***********************************************
2020-05-05 13:33:39,171 INFO com.dz.apigw.ShutdownThread [Thread-6] ***********************************************
2020-05-05 13:33:39,171 INFO com.dz.apigw.ShutdownThread [Thread-37] *                                             *
2020-05-05 13:33:39,171 INFO com.dz.apigw.ShutdownThread [Thread-56] ***********************************************
2020-05-05 13:33:39,171 INFO com.dz.apigw.ShutdownThread [Thread-76] ***********************************************
2020-05-05 13:33:39,172 INFO com.dz.apigw.ShutdownThread [Thread-34] ***********************************************
2020-05-05 13:33:39,172 INFO com.dz.apigw.ShutdownThread [Thread-47] ***********************************************
2020-05-05 13:33:39,172 INFO com.dz.apigw.ShutdownThread [Thread-21] ***********************************************
2020-05-05 13:33:39,172 INFO com.dz.apigw.ShutdownThread [Thread-66] ***********************************************
2020-05-05 13:33:39,172 INFO com.dz.apigw.ShutdownThread [Thread-1] *                                             *
2020-05-05 13:33:39,172 INFO com.dz.apigw.ShutdownThread [Thread-24] *                                             *
2020-05-05 13:33:39,172 INFO com.dz.apigw.ShutdownThread [Thread-52] *                                             *
2020-05-05 13:33:39,172 INFO com.dz.apigw.ShutdownThread [Thread-6] *                                             *
2020-05-05 13:33:39,172 INFO com.dz.apigw.ShutdownThread [Thread-24] *               Program Stopped!              *
2020-05-05 13:33:39,172 INFO com.dz.apigw.ShutdownThread [Thread-37] *               Program Stopped!              *
2020-05-05 13:33:39,172 INFO com.dz.apigw.ShutdownThread [Thread-56] *                                             *
2020-05-05 13:33:39,172 INFO com.dz.apigw.ShutdownThread [Thread-24] *                                             *
2020-05-05 13:33:39,172 INFO com.dz.apigw.ShutdownThread [Thread-56] *               Program Stopped!              *
2020-05-05 13:33:39,172 INFO com.dz.apigw.ShutdownThread [Thread-76] *                                             *
2020-05-05 13:33:39,172 INFO com.dz.apigw.ShutdownThread [Thread-24] ===============================================
2020-05-05 13:33:39,172 INFO com.dz.apigw.ShutdownThread [Thread-34] *                                             *
2020-05-05 13:33:39,172 INFO com.dz.apigw.ShutdownThread [Thread-56] *                                             *
2020-05-05 13:33:39,172 INFO com.dz.apigw.ShutdownThread [Thread-47] *                                             *
2020-05-05 13:33:39,172 INFO com.dz.apigw.ShutdownThread [Thread-34] *               Program Stopped!              *
2020-05-05 13:33:39,172 INFO com.dz.apigw.ShutdownThread [Thread-21] *                                             *
2020-05-05 13:33:39,172 INFO com.dz.apigw.ShutdownThread [Thread-66] *                                             *
2020-05-05 13:33:39,172 INFO com.dz.apigw.ShutdownThread [Thread-1] *               Program Stopped!              *
2020-05-05 13:33:39,172 INFO com.dz.apigw.ShutdownThread [Thread-52] *               Program Stopped!              *
2020-05-05 13:33:39,172 INFO com.dz.apigw.ShutdownThread [Thread-66] *               Program Stopped!              *
2020-05-05 13:33:39,172 INFO com.dz.apigw.ShutdownThread [Thread-1] *                                             *
2020-05-05 13:33:39,172 INFO com.dz.apigw.ShutdownThread [Thread-6] *               Program Stopped!              *
2020-05-05 13:33:39,172 INFO com.dz.apigw.ShutdownThread [Thread-37] *                                             *
2020-05-05 13:33:39,172 INFO com.dz.apigw.ShutdownThread [Thread-1] ===============================================
2020-05-05 13:33:39,172 INFO com.dz.apigw.ShutdownThread [Thread-56] ===============================================
2020-05-05 13:33:39,173 INFO com.dz.apigw.ShutdownThread [Thread-47] *               Program Stopped!              *
2020-05-05 13:33:39,172 INFO com.dz.apigw.ShutdownThread [Thread-76] *               Program Stopped!              *
2020-05-05 13:33:39,173 INFO com.dz.apigw.ShutdownThread [Thread-37] ===============================================
2020-05-05 13:33:39,173 INFO com.dz.apigw.ShutdownThread [Thread-34] *                                             *
2020-05-05 13:33:39,173 INFO com.dz.apigw.ShutdownThread [Thread-66] *                                             *
2020-05-05 13:33:39,173 INFO com.dz.apigw.ShutdownThread [Thread-21] *               Program Stopped!              *
2020-05-05 13:33:39,173 INFO com.dz.apigw.ShutdownThread [Thread-52] *                                             *
2020-05-05 13:33:39,173 INFO com.dz.apigw.ShutdownThread [Thread-21] *                                             *
2020-05-05 13:33:39,173 INFO com.dz.apigw.ShutdownThread [Thread-6] *                                             *
2020-05-05 13:33:39,173 INFO com.dz.apigw.ShutdownThread [Thread-47] *                                             *
2020-05-05 13:33:39,173 INFO com.dz.apigw.ShutdownThread [Thread-21] ===============================================
2020-05-05 13:33:39,173 INFO com.dz.apigw.ShutdownThread [Thread-76] *                                             *
2020-05-05 13:33:39,173 INFO com.dz.apigw.ShutdownThread [Thread-34] ===============================================
2020-05-05 13:33:39,173 INFO com.dz.apigw.ShutdownThread [Thread-76] ===============================================
2020-05-05 13:33:39,173 INFO com.dz.apigw.ShutdownThread [Thread-66] ===============================================
2020-05-05 13:33:39,173 INFO com.dz.apigw.ShutdownThread [Thread-52] ===============================================
2020-05-05 13:33:39,173 INFO com.dz.apigw.ShutdownThread [Thread-6] ===============================================
2020-05-05 13:33:39,173 INFO com.dz.apigw.ShutdownThread [Thread-47] ===============================================
2020-05-05 13:37:28,188 INFO org.springframework.boot.StartupInfoLogger [restartedMain] Starting APIGWApplication on MacOnes-MacBook-Pro.local with PID 7955 (started by macbook in /Users/dungt/Google Drive (ttd1711drive1@gmail.com)/4. Programming/1. JAVA/CBCOM-PAYMENTGW/JavaServices/apigw-paymentgw)
2020-05-05 13:37:28,190 DEBUG org.springframework.boot.StartupInfoLogger [restartedMain] Running with Spring Boot v2.0.5.RELEASE, Spring v5.0.9.RELEASE
2020-05-05 13:37:28,191 INFO org.springframework.boot.SpringApplication [restartedMain] The following profiles are active: paymentgw
2020-05-05 13:37:31,138 DEBUG org.springframework.web.filter.GenericFilterBean [localhost-startStop-1] Initializing filter 'jwtAuthorizationTokenFilter'
2020-05-05 13:37:31,139 DEBUG org.springframework.web.filter.GenericFilterBean [localhost-startStop-1] Filter 'jwtAuthorizationTokenFilter' configured successfully
2020-05-05 13:37:31,139 DEBUG org.springframework.web.filter.GenericFilterBean [localhost-startStop-1] Initializing filter 'authorizationIPAddressFilter'
2020-05-05 13:37:31,139 DEBUG org.springframework.web.filter.GenericFilterBean [localhost-startStop-1] Filter 'authorizationIPAddressFilter' configured successfully
2020-05-05 13:37:32,551 INFO org.springframework.boot.StartupInfoLogger [restartedMain] Started APIGWApplication in 4.777 seconds (JVM running for 5.506)
2020-05-05 13:41:27,493 INFO org.springframework.boot.StartupInfoLogger [restartedMain] Starting APIGWApplication on MacOnes-MacBook-Pro.local with PID 7955 (started by macbook in /Users/dungt/Google Drive (ttd1711drive1@gmail.com)/4. Programming/1. JAVA/CBCOM-PAYMENTGW/JavaServices/apigw-paymentgw)
2020-05-05 13:41:27,494 DEBUG org.springframework.boot.StartupInfoLogger [restartedMain] Running with Spring Boot v2.0.5.RELEASE, Spring v5.0.9.RELEASE
2020-05-05 13:41:27,494 INFO org.springframework.boot.SpringApplication [restartedMain] The following profiles are active: paymentgw
2020-05-05 13:41:28,123 DEBUG org.springframework.web.filter.GenericFilterBean [localhost-startStop-1] Initializing filter 'jwtAuthorizationTokenFilter'
2020-05-05 13:41:28,124 DEBUG org.springframework.web.filter.GenericFilterBean [localhost-startStop-1] Filter 'jwtAuthorizationTokenFilter' configured successfully
2020-05-05 13:41:28,124 DEBUG org.springframework.web.filter.GenericFilterBean [localhost-startStop-1] Initializing filter 'authorizationIPAddressFilter'
2020-05-05 13:41:28,124 DEBUG org.springframework.web.filter.GenericFilterBean [localhost-startStop-1] Filter 'authorizationIPAddressFilter' configured successfully
2020-05-05 13:41:28,604 INFO org.springframework.boot.StartupInfoLogger [restartedMain] Started APIGWApplication in 1.131 seconds (JVM running for 241.556)
2020-05-05 13:45:56,347 INFO org.springframework.boot.StartupInfoLogger [restartedMain] Starting APIGWApplication on MacOnes-MacBook-Pro.local with PID 7955 (started by macbook in /Users/dungt/Google Drive (ttd1711drive1@gmail.com)/4. Programming/1. JAVA/CBCOM-PAYMENTGW/JavaServices/apigw-paymentgw)
2020-05-05 13:45:56,347 DEBUG org.springframework.boot.StartupInfoLogger [restartedMain] Running with Spring Boot v2.0.5.RELEASE, Spring v5.0.9.RELEASE
2020-05-05 13:45:56,348 INFO org.springframework.boot.SpringApplication [restartedMain] The following profiles are active: paymentgw
2020-05-05 13:45:56,904 DEBUG org.springframework.web.filter.GenericFilterBean [localhost-startStop-1] Initializing filter 'jwtAuthorizationTokenFilter'
2020-05-05 13:45:56,905 DEBUG org.springframework.web.filter.GenericFilterBean [localhost-startStop-1] Filter 'jwtAuthorizationTokenFilter' configured successfully
2020-05-05 13:45:56,905 DEBUG org.springframework.web.filter.GenericFilterBean [localhost-startStop-1] Initializing filter 'authorizationIPAddressFilter'
2020-05-05 13:45:56,905 DEBUG org.springframework.web.filter.GenericFilterBean [localhost-startStop-1] Filter 'authorizationIPAddressFilter' configured successfully
2020-05-05 13:45:57,401 INFO org.springframework.boot.StartupInfoLogger [restartedMain] Started APIGWApplication in 1.072 seconds (JVM running for 510.35)
2020-05-05 13:46:30,436 INFO org.springframework.boot.StartupInfoLogger [restartedMain] Starting APIGWApplication on MacOnes-MacBook-Pro.local with PID 7955 (started by macbook in /Users/dungt/Google Drive (ttd1711drive1@gmail.com)/4. Programming/1. JAVA/CBCOM-PAYMENTGW/JavaServices/apigw-paymentgw)
2020-05-05 13:46:30,436 DEBUG org.springframework.boot.StartupInfoLogger [restartedMain] Running with Spring Boot v2.0.5.RELEASE, Spring v5.0.9.RELEASE
2020-05-05 13:46:30,436 INFO org.springframework.boot.SpringApplication [restartedMain] The following profiles are active: paymentgw
2020-05-05 13:46:31,088 DEBUG org.springframework.web.filter.GenericFilterBean [localhost-startStop-1] Initializing filter 'jwtAuthorizationTokenFilter'
2020-05-05 13:46:31,089 DEBUG org.springframework.web.filter.GenericFilterBean [localhost-startStop-1] Filter 'jwtAuthorizationTokenFilter' configured successfully
2020-05-05 13:46:31,089 DEBUG org.springframework.web.filter.GenericFilterBean [localhost-startStop-1] Initializing filter 'authorizationIPAddressFilter'
2020-05-05 13:46:31,089 DEBUG org.springframework.web.filter.GenericFilterBean [localhost-startStop-1] Filter 'authorizationIPAddressFilter' configured successfully
2020-05-05 13:46:31,541 INFO org.springframework.boot.StartupInfoLogger [restartedMain] Started APIGWApplication in 1.128 seconds (JVM running for 544.49)
2020-05-05 13:46:51,470 INFO org.springframework.boot.StartupInfoLogger [restartedMain] Starting APIGWApplication on MacOnes-MacBook-Pro.local with PID 7955 (started by macbook in /Users/dungt/Google Drive (ttd1711drive1@gmail.com)/4. Programming/1. JAVA/CBCOM-PAYMENTGW/JavaServices/apigw-paymentgw)
2020-05-05 13:46:51,471 DEBUG org.springframework.boot.StartupInfoLogger [restartedMain] Running with Spring Boot v2.0.5.RELEASE, Spring v5.0.9.RELEASE
2020-05-05 13:46:51,471 INFO org.springframework.boot.SpringApplication [restartedMain] The following profiles are active: paymentgw
2020-05-05 13:46:52,016 DEBUG org.springframework.web.filter.GenericFilterBean [localhost-startStop-1] Initializing filter 'jwtAuthorizationTokenFilter'
2020-05-05 13:46:52,017 DEBUG org.springframework.web.filter.GenericFilterBean [localhost-startStop-1] Filter 'jwtAuthorizationTokenFilter' configured successfully
2020-05-05 13:46:52,017 DEBUG org.springframework.web.filter.GenericFilterBean [localhost-startStop-1] Initializing filter 'authorizationIPAddressFilter'
2020-05-05 13:46:52,017 DEBUG org.springframework.web.filter.GenericFilterBean [localhost-startStop-1] Filter 'authorizationIPAddressFilter' configured successfully
2020-05-05 13:46:52,485 INFO org.springframework.boot.StartupInfoLogger [restartedMain] Started APIGWApplication in 1.031 seconds (JVM running for 565.434)
2020-05-05 13:47:23,075 INFO org.springframework.boot.StartupInfoLogger [restartedMain] Starting APIGWApplication on MacOnes-MacBook-Pro.local with PID 7955 (started by macbook in /Users/dungt/Google Drive (ttd1711drive1@gmail.com)/4. Programming/1. JAVA/CBCOM-PAYMENTGW/JavaServices/apigw-paymentgw)
2020-05-05 13:47:23,075 DEBUG org.springframework.boot.StartupInfoLogger [restartedMain] Running with Spring Boot v2.0.5.RELEASE, Spring v5.0.9.RELEASE
2020-05-05 13:47:23,075 INFO org.springframework.boot.SpringApplication [restartedMain] The following profiles are active: paymentgw
2020-05-05 13:47:23,595 DEBUG org.springframework.web.filter.GenericFilterBean [localhost-startStop-1] Initializing filter 'jwtAuthorizationTokenFilter'
2020-05-05 13:47:23,596 DEBUG org.springframework.web.filter.GenericFilterBean [localhost-startStop-1] Filter 'jwtAuthorizationTokenFilter' configured successfully
2020-05-05 13:47:23,596 DEBUG org.springframework.web.filter.GenericFilterBean [localhost-startStop-1] Initializing filter 'authorizationIPAddressFilter'
2020-05-05 13:47:23,597 DEBUG org.springframework.web.filter.GenericFilterBean [localhost-startStop-1] Filter 'authorizationIPAddressFilter' configured successfully
2020-05-05 13:47:24,047 INFO org.springframework.boot.StartupInfoLogger [restartedMain] Started APIGWApplication in 0.988 seconds (JVM running for 596.995)
2020-05-05 13:47:34,838 INFO org.springframework.boot.StartupInfoLogger [restartedMain] Starting APIGWApplication on MacOnes-MacBook-Pro.local with PID 7955 (started by macbook in /Users/dungt/Google Drive (ttd1711drive1@gmail.com)/4. Programming/1. JAVA/CBCOM-PAYMENTGW/JavaServices/apigw-paymentgw)
2020-05-05 13:47:34,838 DEBUG org.springframework.boot.StartupInfoLogger [restartedMain] Running with Spring Boot v2.0.5.RELEASE, Spring v5.0.9.RELEASE
2020-05-05 13:47:34,838 INFO org.springframework.boot.SpringApplication [restartedMain] The following profiles are active: paymentgw
2020-05-05 13:47:35,582 DEBUG org.springframework.web.filter.GenericFilterBean [localhost-startStop-1] Initializing filter 'jwtAuthorizationTokenFilter'
2020-05-05 13:47:35,583 DEBUG org.springframework.web.filter.GenericFilterBean [localhost-startStop-1] Filter 'jwtAuthorizationTokenFilter' configured successfully
2020-05-05 13:47:35,583 DEBUG org.springframework.web.filter.GenericFilterBean [localhost-startStop-1] Initializing filter 'authorizationIPAddressFilter'
2020-05-05 13:47:35,583 DEBUG org.springframework.web.filter.GenericFilterBean [localhost-startStop-1] Filter 'authorizationIPAddressFilter' configured successfully
2020-05-05 13:47:36,028 INFO org.springframework.boot.StartupInfoLogger [restartedMain] Started APIGWApplication in 1.213 seconds (JVM running for 608.976)
2020-05-05 13:48:29,248 INFO org.springframework.boot.StartupInfoLogger [restartedMain] Starting APIGWApplication on MacOnes-MacBook-Pro.local with PID 7955 (started by macbook in /Users/dungt/Google Drive (ttd1711drive1@gmail.com)/4. Programming/1. JAVA/CBCOM-PAYMENTGW/JavaServices/apigw-paymentgw)
2020-05-05 13:48:29,248 DEBUG org.springframework.boot.StartupInfoLogger [restartedMain] Running with Spring Boot v2.0.5.RELEASE, Spring v5.0.9.RELEASE
2020-05-05 13:48:29,248 INFO org.springframework.boot.SpringApplication [restartedMain] The following profiles are active: paymentgw
2020-05-05 13:48:29,923 DEBUG org.springframework.web.filter.GenericFilterBean [localhost-startStop-1] Initializing filter 'jwtAuthorizationTokenFilter'
2020-05-05 13:48:29,923 DEBUG org.springframework.web.filter.GenericFilterBean [localhost-startStop-1] Filter 'jwtAuthorizationTokenFilter' configured successfully
2020-05-05 13:48:29,924 DEBUG org.springframework.web.filter.GenericFilterBean [localhost-startStop-1] Initializing filter 'authorizationIPAddressFilter'
2020-05-05 13:48:29,924 DEBUG org.springframework.web.filter.GenericFilterBean [localhost-startStop-1] Filter 'authorizationIPAddressFilter' configured successfully
2020-05-05 13:48:30,364 INFO org.springframework.boot.StartupInfoLogger [restartedMain] Started APIGWApplication in 1.137 seconds (JVM running for 663.312)
2020-05-05 13:48:41,169 INFO org.springframework.boot.StartupInfoLogger [restartedMain] Starting APIGWApplication on MacOnes-MacBook-Pro.local with PID 7955 (started by macbook in /Users/dungt/Google Drive (ttd1711drive1@gmail.com)/4. Programming/1. JAVA/CBCOM-PAYMENTGW/JavaServices/apigw-paymentgw)
2020-05-05 13:48:41,170 DEBUG org.springframework.boot.StartupInfoLogger [restartedMain] Running with Spring Boot v2.0.5.RELEASE, Spring v5.0.9.RELEASE
2020-05-05 13:48:41,170 INFO org.springframework.boot.SpringApplication [restartedMain] The following profiles are active: paymentgw
2020-05-05 13:48:41,811 DEBUG org.springframework.web.filter.GenericFilterBean [localhost-startStop-1] Initializing filter 'jwtAuthorizationTokenFilter'
2020-05-05 13:48:41,812 DEBUG org.springframework.web.filter.GenericFilterBean [localhost-startStop-1] Filter 'jwtAuthorizationTokenFilter' configured successfully
2020-05-05 13:48:41,812 DEBUG org.springframework.web.filter.GenericFilterBean [localhost-startStop-1] Initializing filter 'authorizationIPAddressFilter'
2020-05-05 13:48:41,813 DEBUG org.springframework.web.filter.GenericFilterBean [localhost-startStop-1] Filter 'authorizationIPAddressFilter' configured successfully
2020-05-05 13:48:42,251 INFO org.springframework.boot.StartupInfoLogger [restartedMain] Started APIGWApplication in 1.104 seconds (JVM running for 675.196)
2020-05-05 13:49:01,392 INFO org.springframework.boot.StartupInfoLogger [restartedMain] Starting APIGWApplication on MacOnes-MacBook-Pro.local with PID 7955 (started by macbook in /Users/dungt/Google Drive (ttd1711drive1@gmail.com)/4. Programming/1. JAVA/CBCOM-PAYMENTGW/JavaServices/apigw-paymentgw)
2020-05-05 13:49:01,393 DEBUG org.springframework.boot.StartupInfoLogger [restartedMain] Running with Spring Boot v2.0.5.RELEASE, Spring v5.0.9.RELEASE
2020-05-05 13:49:01,393 INFO org.springframework.boot.SpringApplication [restartedMain] The following profiles are active: paymentgw
2020-05-05 13:49:02,017 DEBUG org.springframework.web.filter.GenericFilterBean [localhost-startStop-1] Initializing filter 'jwtAuthorizationTokenFilter'
2020-05-05 13:49:02,017 DEBUG org.springframework.web.filter.GenericFilterBean [localhost-startStop-1] Filter 'jwtAuthorizationTokenFilter' configured successfully
2020-05-05 13:49:02,018 DEBUG org.springframework.web.filter.GenericFilterBean [localhost-startStop-1] Initializing filter 'authorizationIPAddressFilter'
2020-05-05 13:49:02,018 DEBUG org.springframework.web.filter.GenericFilterBean [localhost-startStop-1] Filter 'authorizationIPAddressFilter' configured successfully
2020-05-05 13:49:02,498 INFO org.springframework.boot.StartupInfoLogger [restartedMain] Started APIGWApplication in 1.391 seconds (JVM running for 695.445)
2020-05-05 13:49:29,793 INFO com.dz.apigw.ShutdownThread [Thread-1] ===============================================
2020-05-05 13:49:29,793 INFO com.dz.apigw.ShutdownThread [Thread-1] *                FLEXSIM API GW               *
2020-05-05 13:49:29,793 INFO com.dz.apigw.ShutdownThread [Thread-148] ===============================================
2020-05-05 13:49:29,794 INFO com.dz.apigw.ShutdownThread [Thread-148] *                FLEXSIM API GW               *
2020-05-05 13:49:29,794 INFO com.dz.apigw.ShutdownThread [Thread-148] *             Copyright by Dzungt             *
2020-05-05 13:49:29,794 INFO com.dz.apigw.ShutdownThread [Thread-148] ***********************************************
2020-05-05 13:49:29,794 INFO com.dz.apigw.ShutdownThread [Thread-148] *                                             *
2020-05-05 13:49:29,794 INFO com.dz.apigw.ShutdownThread [Thread-148] *               Program Stopped!              *
2020-05-05 13:49:29,794 INFO com.dz.apigw.ShutdownThread [Thread-148] *                                             *
2020-05-05 13:49:29,794 INFO com.dz.apigw.ShutdownThread [Thread-148] ===============================================
2020-05-05 13:49:29,794 INFO com.dz.apigw.ShutdownThread [Thread-54] ===============================================
2020-05-05 13:49:29,794 INFO com.dz.apigw.ShutdownThread [Thread-54] *                FLEXSIM API GW               *
2020-05-05 13:49:29,794 INFO com.dz.apigw.ShutdownThread [Thread-21] ===============================================
2020-05-05 13:49:29,794 INFO com.dz.apigw.ShutdownThread [Thread-54] *             Copyright by Dzungt             *
2020-05-05 13:49:29,794 INFO com.dz.apigw.ShutdownThread [Thread-21] *                FLEXSIM API GW               *
2020-05-05 13:49:29,794 INFO com.dz.apigw.ShutdownThread [Thread-21] *             Copyright by Dzungt             *
2020-05-05 13:49:29,794 INFO com.dz.apigw.ShutdownThread [Thread-21] ***********************************************
2020-05-05 13:49:29,795 INFO com.dz.apigw.ShutdownThread [Thread-21] *                                             *
2020-05-05 13:49:29,795 INFO com.dz.apigw.ShutdownThread [Thread-21] *               Program Stopped!              *
2020-05-05 13:49:29,795 INFO com.dz.apigw.ShutdownThread [Thread-21] *                                             *
2020-05-05 13:49:29,795 INFO com.dz.apigw.ShutdownThread [Thread-21] ===============================================
2020-05-05 13:49:29,795 INFO com.dz.apigw.ShutdownThread [Thread-84] ===============================================
2020-05-05 13:49:29,795 INFO com.dz.apigw.ShutdownThread [Thread-84] *                FLEXSIM API GW               *
2020-05-05 13:49:29,795 INFO com.dz.apigw.ShutdownThread [Thread-84] *             Copyright by Dzungt             *
2020-05-05 13:49:29,795 INFO com.dz.apigw.ShutdownThread [Thread-84] ***********************************************
2020-05-05 13:49:29,795 INFO com.dz.apigw.ShutdownThread [Thread-84] *                                             *
2020-05-05 13:49:29,795 INFO com.dz.apigw.ShutdownThread [Thread-84] *               Program Stopped!              *
2020-05-05 13:49:29,795 INFO com.dz.apigw.ShutdownThread [Thread-84] *                                             *
2020-05-05 13:49:29,795 INFO com.dz.apigw.ShutdownThread [Thread-84] ===============================================
2020-05-05 13:49:29,796 INFO com.dz.apigw.ShutdownThread [Thread-110] ===============================================
2020-05-05 13:49:29,796 INFO com.dz.apigw.ShutdownThread [Thread-110] *                FLEXSIM API GW               *
2020-05-05 13:49:29,796 INFO com.dz.apigw.ShutdownThread [Thread-110] *             Copyright by Dzungt             *
2020-05-05 13:49:29,796 INFO com.dz.apigw.ShutdownThread [Thread-110] ***********************************************
2020-05-05 13:49:29,796 INFO com.dz.apigw.ShutdownThread [Thread-110] *                                             *
2020-05-05 13:49:29,796 INFO com.dz.apigw.ShutdownThread [Thread-110] *               Program Stopped!              *
2020-05-05 13:49:29,796 INFO com.dz.apigw.ShutdownThread [Thread-110] *                                             *
2020-05-05 13:49:29,796 INFO com.dz.apigw.ShutdownThread [Thread-110] ===============================================
2020-05-05 13:49:29,800 INFO com.dz.apigw.ShutdownThread [Thread-94] ===============================================
2020-05-05 13:49:29,800 INFO com.dz.apigw.ShutdownThread [Thread-94] *                FLEXSIM API GW               *
2020-05-05 13:49:29,800 INFO com.dz.apigw.ShutdownThread [Thread-94] *             Copyright by Dzungt             *
2020-05-05 13:49:29,800 INFO com.dz.apigw.ShutdownThread [Thread-94] ***********************************************
2020-05-05 13:49:29,800 INFO com.dz.apigw.ShutdownThread [Thread-94] *                                             *
2020-05-05 13:49:29,800 INFO com.dz.apigw.ShutdownThread [Thread-94] *               Program Stopped!              *
2020-05-05 13:49:29,800 INFO com.dz.apigw.ShutdownThread [Thread-94] *                                             *
2020-05-05 13:49:29,800 INFO com.dz.apigw.ShutdownThread [Thread-94] ===============================================
2020-05-05 13:49:29,800 INFO com.dz.apigw.ShutdownThread [Thread-118] ===============================================
2020-05-05 13:49:29,800 INFO com.dz.apigw.ShutdownThread [Thread-118] *                FLEXSIM API GW               *
2020-05-05 13:49:29,800 INFO com.dz.apigw.ShutdownThread [Thread-118] *             Copyright by Dzungt             *
2020-05-05 13:49:29,801 INFO com.dz.apigw.ShutdownThread [Thread-118] ***********************************************
2020-05-05 13:49:29,801 INFO com.dz.apigw.ShutdownThread [Thread-118] *                                             *
2020-05-05 13:49:29,801 INFO com.dz.apigw.ShutdownThread [Thread-118] *               Program Stopped!              *
2020-05-05 13:49:29,801 INFO com.dz.apigw.ShutdownThread [Thread-118] *                                             *
2020-05-05 13:49:29,801 INFO com.dz.apigw.ShutdownThread [Thread-118] ===============================================
2020-05-05 13:49:29,801 INFO com.dz.apigw.ShutdownThread [Thread-138] ===============================================
2020-05-05 13:49:29,802 INFO com.dz.apigw.ShutdownThread [Thread-138] *                FLEXSIM API GW               *
2020-05-05 13:49:29,802 INFO com.dz.apigw.ShutdownThread [Thread-138] *             Copyright by Dzungt             *
2020-05-05 13:49:29,802 INFO com.dz.apigw.ShutdownThread [Thread-138] ***********************************************
2020-05-05 13:49:29,802 INFO com.dz.apigw.ShutdownThread [Thread-138] *                                             *
2020-05-05 13:49:29,802 INFO com.dz.apigw.ShutdownThread [Thread-138] *               Program Stopped!              *
2020-05-05 13:49:29,802 INFO com.dz.apigw.ShutdownThread [Thread-138] *                                             *
2020-05-05 13:49:29,802 INFO com.dz.apigw.ShutdownThread [Thread-138] ===============================================
2020-05-05 13:49:29,806 INFO com.dz.apigw.ShutdownThread [Thread-44] ===============================================
2020-05-05 13:49:29,806 INFO com.dz.apigw.ShutdownThread [Thread-44] *                FLEXSIM API GW               *
2020-05-05 13:49:29,807 INFO com.dz.apigw.ShutdownThread [Thread-44] *             Copyright by Dzungt             *
2020-05-05 13:49:29,807 INFO com.dz.apigw.ShutdownThread [Thread-44] ***********************************************
2020-05-05 13:49:29,807 INFO com.dz.apigw.ShutdownThread [Thread-44] *                                             *
2020-05-05 13:49:29,807 INFO com.dz.apigw.ShutdownThread [Thread-44] *               Program Stopped!              *
2020-05-05 13:49:29,807 INFO com.dz.apigw.ShutdownThread [Thread-44] *                                             *
2020-05-05 13:49:29,807 INFO com.dz.apigw.ShutdownThread [Thread-44] ===============================================
2020-05-05 13:49:29,807 INFO com.dz.apigw.ShutdownThread [Thread-74] ===============================================
2020-05-05 13:49:29,807 INFO com.dz.apigw.ShutdownThread [Thread-74] *                FLEXSIM API GW               *
2020-05-05 13:49:29,807 INFO com.dz.apigw.ShutdownThread [Thread-74] *             Copyright by Dzungt             *
2020-05-05 13:49:29,807 INFO com.dz.apigw.ShutdownThread [Thread-74] ***********************************************
2020-05-05 13:49:29,808 INFO com.dz.apigw.ShutdownThread [Thread-74] *                                             *
2020-05-05 13:49:29,793 INFO com.dz.apigw.ShutdownThread [Thread-5] ===============================================
2020-05-05 13:49:29,808 INFO com.dz.apigw.ShutdownThread [Thread-128] ===============================================
2020-05-05 13:49:29,808 INFO com.dz.apigw.ShutdownThread [Thread-128] *                FLEXSIM API GW               *
2020-05-05 13:49:29,808 INFO com.dz.apigw.ShutdownThread [Thread-128] *             Copyright by Dzungt             *
2020-05-05 13:49:29,808 INFO com.dz.apigw.ShutdownThread [Thread-128] ***********************************************
2020-05-05 13:49:29,808 INFO com.dz.apigw.ShutdownThread [Thread-128] *                                             *
2020-05-05 13:49:29,808 INFO com.dz.apigw.ShutdownThread [Thread-128] *               Program Stopped!              *
2020-05-05 13:49:29,808 INFO com.dz.apigw.ShutdownThread [Thread-128] *                                             *
2020-05-05 13:49:29,808 INFO com.dz.apigw.ShutdownThread [Thread-128] ===============================================
2020-05-05 13:49:29,794 INFO com.dz.apigw.ShutdownThread [Thread-24] ===============================================
2020-05-05 13:49:29,811 INFO com.dz.apigw.ShutdownThread [Thread-24] *                FLEXSIM API GW               *
2020-05-05 13:49:29,811 INFO com.dz.apigw.ShutdownThread [Thread-24] *             Copyright by Dzungt             *
2020-05-05 13:49:29,811 INFO com.dz.apigw.ShutdownThread [Thread-24] ***********************************************
2020-05-05 13:49:29,811 INFO com.dz.apigw.ShutdownThread [Thread-24] *                                             *
2020-05-05 13:49:29,811 INFO com.dz.apigw.ShutdownThread [Thread-24] *               Program Stopped!              *
2020-05-05 13:49:29,794 INFO com.dz.apigw.ShutdownThread [Thread-54] ***********************************************
2020-05-05 13:49:29,811 INFO com.dz.apigw.ShutdownThread [Thread-24] *                                             *
2020-05-05 13:49:29,812 INFO com.dz.apigw.ShutdownThread [Thread-24] ===============================================
2020-05-05 13:49:29,812 INFO com.dz.apigw.ShutdownThread [Thread-54] *                                             *
2020-05-05 13:49:29,812 INFO com.dz.apigw.ShutdownThread [Thread-54] *               Program Stopped!              *
2020-05-05 13:49:29,816 INFO com.dz.apigw.ShutdownThread [Thread-54] *                                             *
2020-05-05 13:49:29,816 INFO com.dz.apigw.ShutdownThread [Thread-54] ===============================================
2020-05-05 13:49:29,795 INFO com.dz.apigw.ShutdownThread [Thread-102] ===============================================
2020-05-05 13:49:29,817 INFO com.dz.apigw.ShutdownThread [Thread-102] *                FLEXSIM API GW               *
2020-05-05 13:49:29,817 INFO com.dz.apigw.ShutdownThread [Thread-102] *             Copyright by Dzungt             *
2020-05-05 13:49:29,817 INFO com.dz.apigw.ShutdownThread [Thread-102] ***********************************************
2020-05-05 13:49:29,817 INFO com.dz.apigw.ShutdownThread [Thread-102] *                                             *
2020-05-05 13:49:29,817 INFO com.dz.apigw.ShutdownThread [Thread-102] *               Program Stopped!              *
2020-05-05 13:49:29,817 INFO com.dz.apigw.ShutdownThread [Thread-102] *                                             *
2020-05-05 13:49:29,817 INFO com.dz.apigw.ShutdownThread [Thread-102] ===============================================
2020-05-05 13:49:29,795 INFO com.dz.apigw.ShutdownThread [Thread-34] ===============================================
2020-05-05 13:49:29,817 INFO com.dz.apigw.ShutdownThread [Thread-34] *                FLEXSIM API GW               *
2020-05-05 13:49:29,817 INFO com.dz.apigw.ShutdownThread [Thread-34] *             Copyright by Dzungt             *
2020-05-05 13:49:29,817 INFO com.dz.apigw.ShutdownThread [Thread-34] ***********************************************
2020-05-05 13:49:29,817 INFO com.dz.apigw.ShutdownThread [Thread-34] *                                             *
2020-05-05 13:49:29,817 INFO com.dz.apigw.ShutdownThread [Thread-34] *               Program Stopped!              *
2020-05-05 13:49:29,817 INFO com.dz.apigw.ShutdownThread [Thread-34] *                                             *
2020-05-05 13:49:29,817 INFO com.dz.apigw.ShutdownThread [Thread-34] ===============================================
2020-05-05 13:49:29,807 INFO com.dz.apigw.ShutdownThread [Thread-64] ===============================================
2020-05-05 13:49:29,818 INFO com.dz.apigw.ShutdownThread [Thread-64] *                FLEXSIM API GW               *
2020-05-05 13:49:29,818 INFO com.dz.apigw.ShutdownThread [Thread-64] *             Copyright by Dzungt             *
2020-05-05 13:49:29,818 INFO com.dz.apigw.ShutdownThread [Thread-64] ***********************************************
2020-05-05 13:49:29,818 INFO com.dz.apigw.ShutdownThread [Thread-64] *                                             *
2020-05-05 13:49:29,818 INFO com.dz.apigw.ShutdownThread [Thread-64] *               Program Stopped!              *
2020-05-05 13:49:29,818 INFO com.dz.apigw.ShutdownThread [Thread-64] *                                             *
2020-05-05 13:49:29,819 INFO com.dz.apigw.ShutdownThread [Thread-64] ===============================================
2020-05-05 13:49:29,811 INFO com.dz.apigw.ShutdownThread [Thread-74] *               Program Stopped!              *
2020-05-05 13:49:29,819 INFO com.dz.apigw.ShutdownThread [Thread-74] *                                             *
2020-05-05 13:49:29,819 INFO com.dz.apigw.ShutdownThread [Thread-74] ===============================================
2020-05-05 13:49:29,811 INFO com.dz.apigw.ShutdownThread [Thread-5] *                FLEXSIM API GW               *
2020-05-05 13:49:29,821 INFO com.dz.apigw.ShutdownThread [Thread-5] *             Copyright by Dzungt             *
2020-05-05 13:49:29,821 INFO com.dz.apigw.ShutdownThread [Thread-5] ***********************************************
2020-05-05 13:49:29,811 INFO com.dz.apigw.ShutdownThread [Thread-1] *             Copyright by Dzungt             *
2020-05-05 13:49:29,821 INFO com.dz.apigw.ShutdownThread [Thread-5] *                                             *
2020-05-05 13:49:29,821 INFO com.dz.apigw.ShutdownThread [Thread-1] ***********************************************
2020-05-05 13:49:29,822 INFO com.dz.apigw.ShutdownThread [Thread-5] *               Program Stopped!              *
2020-05-05 13:49:29,822 INFO com.dz.apigw.ShutdownThread [Thread-1] *                                             *
2020-05-05 13:49:29,822 INFO com.dz.apigw.ShutdownThread [Thread-5] *                                             *
2020-05-05 13:49:29,822 INFO com.dz.apigw.ShutdownThread [Thread-1] *               Program Stopped!              *
2020-05-05 13:49:29,822 INFO com.dz.apigw.ShutdownThread [Thread-5] ===============================================
2020-05-05 13:49:29,822 INFO com.dz.apigw.ShutdownThread [Thread-1] *                                             *
2020-05-05 13:49:29,822 INFO com.dz.apigw.ShutdownThread [Thread-1] ===============================================
2020-05-05 13:49:39,832 INFO org.springframework.boot.StartupInfoLogger [restartedMain] Starting APIGWApplication on MacOnes-MacBook-Pro.local with PID 7988 (started by macbook in /Users/dungt/Google Drive (ttd1711drive1@gmail.com)/4. Programming/1. JAVA/CBCOM-PAYMENTGW/JavaServices/apigw-paymentgw)
2020-05-05 13:49:39,833 DEBUG org.springframework.boot.StartupInfoLogger [restartedMain] Running with Spring Boot v2.0.5.RELEASE, Spring v5.0.9.RELEASE
2020-05-05 13:49:39,834 INFO org.springframework.boot.SpringApplication [restartedMain] The following profiles are active: paymentgw
2020-05-05 13:49:42,756 DEBUG org.springframework.web.filter.GenericFilterBean [localhost-startStop-1] Initializing filter 'jwtAuthorizationTokenFilter'
2020-05-05 13:49:42,756 DEBUG org.springframework.web.filter.GenericFilterBean [localhost-startStop-1] Filter 'jwtAuthorizationTokenFilter' configured successfully
2020-05-05 13:49:42,756 DEBUG org.springframework.web.filter.GenericFilterBean [localhost-startStop-1] Initializing filter 'authorizationIPAddressFilter'
2020-05-05 13:49:42,756 DEBUG org.springframework.web.filter.GenericFilterBean [localhost-startStop-1] Filter 'authorizationIPAddressFilter' configured successfully
2020-05-05 13:49:44,122 INFO org.springframework.boot.StartupInfoLogger [restartedMain] Started APIGWApplication in 4.58 seconds (JVM running for 5.116)
2020-05-05 13:49:57,403 INFO com.dz.apigw.ShutdownThread [Thread-1] ===============================================
2020-05-05 13:49:57,405 INFO com.dz.apigw.ShutdownThread [Thread-1] *                FLEXSIM API GW               *
2020-05-05 13:49:57,406 INFO com.dz.apigw.ShutdownThread [Thread-1] *             Copyright by Dzungt             *
2020-05-05 13:49:57,406 INFO com.dz.apigw.ShutdownThread [Thread-1] ***********************************************
2020-05-05 13:49:57,406 INFO com.dz.apigw.ShutdownThread [Thread-1] *                                             *
2020-05-05 13:49:57,406 INFO com.dz.apigw.ShutdownThread [Thread-1] *               Program Stopped!              *
2020-05-05 13:49:57,406 INFO com.dz.apigw.ShutdownThread [Thread-1] *                                             *
2020-05-05 13:49:57,406 INFO com.dz.apigw.ShutdownThread [Thread-1] ===============================================
2020-05-05 13:49:57,407 INFO com.dz.apigw.ShutdownThread [Thread-6] ===============================================
2020-05-05 13:49:57,407 INFO com.dz.apigw.ShutdownThread [Thread-6] *                FLEXSIM API GW               *
2020-05-05 13:49:57,407 INFO com.dz.apigw.ShutdownThread [Thread-6] *             Copyright by Dzungt             *
2020-05-05 13:49:57,407 INFO com.dz.apigw.ShutdownThread [Thread-6] ***********************************************
2020-05-05 13:49:57,407 INFO com.dz.apigw.ShutdownThread [Thread-6] *                                             *
2020-05-05 13:49:57,407 INFO com.dz.apigw.ShutdownThread [Thread-6] *               Program Stopped!              *
2020-05-05 13:49:57,407 INFO com.dz.apigw.ShutdownThread [Thread-6] *                                             *
2020-05-05 13:49:57,407 INFO com.dz.apigw.ShutdownThread [Thread-6] ===============================================
2020-05-05 13:53:19,034 INFO org.springframework.boot.StartupInfoLogger [restartedMain] Starting APIGWApplication on MacOnes-MacBook-Pro.local with PID 7994 (started by macbook in /Users/dungt/Google Drive (ttd1711drive1@gmail.com)/4. Programming/1. JAVA/CBCOM-PAYMENTGW/JavaServices/apigw-paymentgw)
2020-05-05 13:53:19,035 DEBUG org.springframework.boot.StartupInfoLogger [restartedMain] Running with Spring Boot v2.0.5.RELEASE, Spring v5.0.9.RELEASE
2020-05-05 13:53:19,036 INFO org.springframework.boot.SpringApplication [restartedMain] The following profiles are active: paymentgw
2020-05-05 13:53:22,193 DEBUG org.springframework.web.filter.GenericFilterBean [localhost-startStop-1] Initializing filter 'jwtAuthorizationTokenFilter'
2020-05-05 13:53:22,193 DEBUG org.springframework.web.filter.GenericFilterBean [localhost-startStop-1] Filter 'jwtAuthorizationTokenFilter' configured successfully
2020-05-05 13:53:22,194 DEBUG org.springframework.web.filter.GenericFilterBean [localhost-startStop-1] Initializing filter 'authorizationIPAddressFilter'
2020-05-05 13:53:22,194 DEBUG org.springframework.web.filter.GenericFilterBean [localhost-startStop-1] Filter 'authorizationIPAddressFilter' configured successfully
2020-05-05 13:53:23,657 INFO org.springframework.boot.StartupInfoLogger [restartedMain] Started APIGWApplication in 5.047 seconds (JVM running for 6.043)
2020-05-05 13:54:44,858 INFO com.dz.apigw.ShutdownThread [Thread-1] ===============================================
2020-05-05 13:54:44,858 INFO com.dz.apigw.ShutdownThread [Thread-5] ===============================================
2020-05-05 13:54:44,860 INFO com.dz.apigw.ShutdownThread [Thread-5] *                PAYMENT API GW               *
2020-05-05 13:54:44,860 INFO com.dz.apigw.ShutdownThread [Thread-1] *                PAYMENT API GW               *
2020-05-05 13:54:44,861 INFO com.dz.apigw.ShutdownThread [Thread-1] *             Copyright by Dzungt             *
2020-05-05 13:54:44,861 INFO com.dz.apigw.ShutdownThread [Thread-5] *             Copyright by Dzungt             *
2020-05-05 13:54:44,861 INFO com.dz.apigw.ShutdownThread [Thread-1] ***********************************************
2020-05-05 13:54:44,861 INFO com.dz.apigw.ShutdownThread [Thread-5] ***********************************************
2020-05-05 13:54:44,861 INFO com.dz.apigw.ShutdownThread [Thread-1] *                                             *
2020-05-05 13:54:44,861 INFO com.dz.apigw.ShutdownThread [Thread-1] *               Program Stopped!              *
2020-05-05 13:54:44,861 INFO com.dz.apigw.ShutdownThread [Thread-5] *                                             *
2020-05-05 13:54:44,861 INFO com.dz.apigw.ShutdownThread [Thread-1] *                                             *
2020-05-05 13:54:44,861 INFO com.dz.apigw.ShutdownThread [Thread-5] *               Program Stopped!              *
2020-05-05 13:54:44,861 INFO com.dz.apigw.ShutdownThread [Thread-1] ===============================================
2020-05-05 13:54:44,861 INFO com.dz.apigw.ShutdownThread [Thread-5] *                                             *
2020-05-05 13:54:44,861 INFO com.dz.apigw.ShutdownThread [Thread-5] ===============================================
2020-05-05 13:55:27,963 INFO org.springframework.boot.StartupInfoLogger [restartedMain] Starting APIGWApplication on MacOnes-MacBook-Pro.local with PID 8006 (started by macbook in /Users/dungt/Google Drive (ttd1711drive1@gmail.com)/4. Programming/1. JAVA/CBCOM-PAYMENTGW/JavaServices/apigw-paymentgw)
2020-05-05 13:55:27,964 DEBUG org.springframework.boot.StartupInfoLogger [restartedMain] Running with Spring Boot v2.0.5.RELEASE, Spring v5.0.9.RELEASE
2020-05-05 13:55:27,966 INFO org.springframework.boot.SpringApplication [restartedMain] The following profiles are active: paymentgw
2020-05-05 13:55:30,899 DEBUG org.springframework.web.filter.GenericFilterBean [localhost-startStop-1] Initializing filter 'jwtAuthorizationTokenFilter'
2020-05-05 13:55:30,900 DEBUG org.springframework.web.filter.GenericFilterBean [localhost-startStop-1] Filter 'jwtAuthorizationTokenFilter' configured successfully
2020-05-05 13:55:30,900 DEBUG org.springframework.web.filter.GenericFilterBean [localhost-startStop-1] Initializing filter 'authorizationIPAddressFilter'
2020-05-05 13:55:30,900 DEBUG org.springframework.web.filter.GenericFilterBean [localhost-startStop-1] Filter 'authorizationIPAddressFilter' configured successfully
2020-05-05 13:55:32,382 INFO org.springframework.boot.StartupInfoLogger [restartedMain] Started APIGWApplication in 4.834 seconds (JVM running for 5.564)
2020-05-05 13:59:19,522 INFO com.dz.apigw.security.AuthorizationIPAddressFilter [http-nio-8881-exec-1] 127.0.0.1|> POST /login
2020-05-05 13:59:19,523 INFO com.dz.apigw.security.AuthorizationIPAddressFilter [http-nio-8881-exec-1] 127.0.0.1|> content-type: application/json
2020-05-05 13:59:19,523 INFO com.dz.apigw.security.AuthorizationIPAddressFilter [http-nio-8881-exec-1] 127.0.0.1|> user-agent: PostmanRuntime/7.24.1
2020-05-05 13:59:19,524 INFO com.dz.apigw.security.AuthorizationIPAddressFilter [http-nio-8881-exec-1] 127.0.0.1|> accept: */*
2020-05-05 13:59:19,524 INFO com.dz.apigw.security.AuthorizationIPAddressFilter [http-nio-8881-exec-1] 127.0.0.1|> cache-control: no-cache
2020-05-05 13:59:19,525 INFO com.dz.apigw.security.AuthorizationIPAddressFilter [http-nio-8881-exec-1] 127.0.0.1|> postman-token: 56ad1ea6-5c6e-4314-a91a-a53f124ed90a
2020-05-05 13:59:19,525 INFO com.dz.apigw.security.AuthorizationIPAddressFilter [http-nio-8881-exec-1] 127.0.0.1|> host: 127.0.0.1:8881
2020-05-05 13:59:19,525 INFO com.dz.apigw.security.AuthorizationIPAddressFilter [http-nio-8881-exec-1] 127.0.0.1|> accept-encoding: gzip, deflate, br
2020-05-05 13:59:19,526 INFO com.dz.apigw.security.AuthorizationIPAddressFilter [http-nio-8881-exec-1] 127.0.0.1|> connection: keep-alive
2020-05-05 13:59:19,526 INFO com.dz.apigw.security.AuthorizationIPAddressFilter [http-nio-8881-exec-1] 127.0.0.1|> content-length: 87
2020-05-05 13:59:19,527 INFO com.dz.apigw.security.AuthorizationIPAddressFilter [http-nio-8881-exec-1] 127.0.0.1|>
2020-05-05 13:59:19,527 TRACE com.dz.apigw.security.AuthorizationIPAddressFilter [http-nio-8881-exec-1] Checking Remote Ip Adress '127.0.0.1' for the request
2020-05-05 13:59:19,528 TRACE com.dz.apigw.security.AuthorizationIPAddressFilter [http-nio-8881-exec-1] Ip Adress '127.0.0.1' is valid
2020-05-05 13:59:19,528 TRACE com.dz.apigw.security.JwtAuthorizationTokenFilter [http-nio-8881-exec-1] Processing authentication for 'http://127.0.0.1:8881/login' ...
2020-05-05 13:59:19,528 DEBUG com.dz.apigw.security.JwtAuthorizationTokenFilter [http-nio-8881-exec-1] The request header is 'null'
2020-05-05 13:59:19,528 DEBUG com.dz.apigw.security.JwtAuthorizationTokenFilter [http-nio-8881-exec-1] Looking for the header start with 'PGW'
2020-05-05 13:59:19,528 WARN com.dz.apigw.security.JwtAuthorizationTokenFilter [http-nio-8881-exec-1] couldn't find PGW string, will ignore the header
2020-05-05 13:59:19,535 INFO com.dz.apigw.security.JwtUserDetailsService [http-nio-8881-exec-1] [JwtUserDetailsService] load info of user 'pgw_fptplay'
2020-05-05 13:59:19,535 INFO com.dz.apigw.security.JwtUserDetailsService [http-nio-8881-exec-1] [loadUserByUsername] Found user with username 'pgw_fptplay'
2020-05-05 13:59:19,631 INFO com.dz.apigw.security.JwtUserDetailsService [http-nio-8881-exec-1] [JwtUserDetailsService] load info of user 'pgw_fptplay'
2020-05-05 13:59:19,632 INFO com.dz.apigw.security.JwtUserDetailsService [http-nio-8881-exec-1] [loadUserByUsername] Found user with username 'pgw_fptplay'
2020-05-05 13:59:19,637 INFO com.dz.apigw.security.AuthorizationIPAddressFilter [http-nio-8881-exec-1] 127.0.0.1|> {
2020-05-05 13:59:19,637 INFO com.dz.apigw.security.AuthorizationIPAddressFilter [http-nio-8881-exec-1] 127.0.0.1|> 	"username": "pgw_fptplay",
2020-05-05 13:59:19,638 INFO com.dz.apigw.security.AuthorizationIPAddressFilter [http-nio-8881-exec-1] 127.0.0.1|> 	"password": "F311P@ay2o201446!@#",
2020-05-05 13:59:19,639 INFO com.dz.apigw.security.AuthorizationIPAddressFilter [http-nio-8881-exec-1] 127.0.0.1|> 	"service": "login"
2020-05-05 13:59:19,640 INFO com.dz.apigw.security.AuthorizationIPAddressFilter [http-nio-8881-exec-1] 127.0.0.1|> }
2020-05-05 13:59:19,642 INFO com.dz.apigw.security.AuthorizationIPAddressFilter [http-nio-8881-exec-1] 127.0.0.1|< 200 OK
2020-05-05 13:59:19,646 INFO com.dz.apigw.security.AuthorizationIPAddressFilter [http-nio-8881-exec-1] 127.0.0.1|<
2020-05-05 13:59:19,646 INFO com.dz.apigw.security.AuthorizationIPAddressFilter [http-nio-8881-exec-1] 127.0.0.1|< {"error_code":"0","session":"eyJhbGciOiJIUzUxMiJ9.eyJzdWIiOiJwZ3dfZnB0cGxheSIsImV4cCI6MTU4OTUyNTk1OSwiaWF0IjoxNTg4NjYxOTU5fQ.tWIOhgZ-NX3qSUC_Xv-tUQvhZV6syNKrjHgs0nAHtr4PzGdksWJJ4_7xtwlw7VyrU6ONxrIQOOE57d3tSYxMRg","message":"Login successfully , username=pgw_fptplay"}
2020-05-05 14:00:05,968 INFO com.dz.apigw.security.AuthorizationIPAddressFilter [http-nio-8881-exec-1] 127.0.0.1|> POST /login
2020-05-05 14:00:05,969 INFO com.dz.apigw.security.AuthorizationIPAddressFilter [http-nio-8881-exec-1] 127.0.0.1|> content-type: application/json
2020-05-05 14:00:05,970 INFO com.dz.apigw.security.AuthorizationIPAddressFilter [http-nio-8881-exec-1] 127.0.0.1|> user-agent: PostmanRuntime/7.24.1
2020-05-05 14:00:05,970 INFO com.dz.apigw.security.AuthorizationIPAddressFilter [http-nio-8881-exec-1] 127.0.0.1|> accept: */*
2020-05-05 14:00:05,970 INFO com.dz.apigw.security.AuthorizationIPAddressFilter [http-nio-8881-exec-1] 127.0.0.1|> cache-control: no-cache
2020-05-05 14:00:05,970 INFO com.dz.apigw.security.AuthorizationIPAddressFilter [http-nio-8881-exec-1] 127.0.0.1|> postman-token: a7762f98-4e3d-47ef-a81d-4779c8ebb32c
2020-05-05 14:00:05,971 INFO com.dz.apigw.security.AuthorizationIPAddressFilter [http-nio-8881-exec-1] 127.0.0.1|> host: 127.0.0.1:8881
2020-05-05 14:00:05,971 INFO com.dz.apigw.security.AuthorizationIPAddressFilter [http-nio-8881-exec-1] 127.0.0.1|> accept-encoding: gzip, deflate, br
2020-05-05 14:00:05,971 INFO com.dz.apigw.security.AuthorizationIPAddressFilter [http-nio-8881-exec-1] 127.0.0.1|> connection: keep-alive
2020-05-05 14:00:05,971 INFO com.dz.apigw.security.AuthorizationIPAddressFilter [http-nio-8881-exec-1] 127.0.0.1|> content-length: 87
2020-05-05 14:00:05,972 INFO com.dz.apigw.security.AuthorizationIPAddressFilter [http-nio-8881-exec-1] 127.0.0.1|>
2020-05-05 14:00:05,972 TRACE com.dz.apigw.security.AuthorizationIPAddressFilter [http-nio-8881-exec-1] Checking Remote Ip Adress '127.0.0.1' for the request
2020-05-05 14:00:05,972 TRACE com.dz.apigw.security.AuthorizationIPAddressFilter [http-nio-8881-exec-1] Ip Adress '127.0.0.1' is valid
2020-05-05 14:00:05,972 TRACE com.dz.apigw.security.JwtAuthorizationTokenFilter [http-nio-8881-exec-1] Processing authentication for 'http://127.0.0.1:8881/login' ...
2020-05-05 14:00:05,972 DEBUG com.dz.apigw.security.JwtAuthorizationTokenFilter [http-nio-8881-exec-1] The request header is 'null'
2020-05-05 14:00:05,973 DEBUG com.dz.apigw.security.JwtAuthorizationTokenFilter [http-nio-8881-exec-1] Looking for the header start with 'PGW'
2020-05-05 14:00:05,973 WARN com.dz.apigw.security.JwtAuthorizationTokenFilter [http-nio-8881-exec-1] couldn't find PGW string, will ignore the header
2020-05-05 14:00:05,981 INFO com.dz.apigw.security.JwtUserDetailsService [http-nio-8881-exec-1] [JwtUserDetailsService] load info of user 'pgw_fptplay'
2020-05-05 14:00:05,982 INFO com.dz.apigw.security.JwtUserDetailsService [http-nio-8881-exec-1] [loadUserByUsername] Found user with username 'pgw_fptplay'
2020-05-05 14:00:06,071 INFO com.dz.apigw.security.JwtUserDetailsService [http-nio-8881-exec-1] [JwtUserDetailsService] load info of user 'pgw_fptplay'
2020-05-05 14:00:06,071 INFO com.dz.apigw.security.JwtUserDetailsService [http-nio-8881-exec-1] [loadUserByUsername] Found user with username 'pgw_fptplay'
2020-05-05 14:00:06,077 INFO com.dz.apigw.security.AuthorizationIPAddressFilter [http-nio-8881-exec-1] 127.0.0.1|> {
2020-05-05 14:00:06,077 INFO com.dz.apigw.security.AuthorizationIPAddressFilter [http-nio-8881-exec-1] 127.0.0.1|> 	"username": "pgw_fptplay",
2020-05-05 14:00:06,077 INFO com.dz.apigw.security.AuthorizationIPAddressFilter [http-nio-8881-exec-1] 127.0.0.1|> 	"password": "F311P@ay2o201446!@#",
2020-05-05 14:00:06,078 INFO com.dz.apigw.security.AuthorizationIPAddressFilter [http-nio-8881-exec-1] 127.0.0.1|> 	"service": "login"
2020-05-05 14:00:06,078 INFO com.dz.apigw.security.AuthorizationIPAddressFilter [http-nio-8881-exec-1] 127.0.0.1|> }
2020-05-05 14:00:06,078 INFO com.dz.apigw.security.AuthorizationIPAddressFilter [http-nio-8881-exec-1] 127.0.0.1|< 200 OK
2020-05-05 14:00:06,078 INFO com.dz.apigw.security.AuthorizationIPAddressFilter [http-nio-8881-exec-1] 127.0.0.1|<
2020-05-05 14:00:06,079 INFO com.dz.apigw.security.AuthorizationIPAddressFilter [http-nio-8881-exec-1] 127.0.0.1|< {"error_code":"0","session":"eyJhbGciOiJIUzUxMiJ9.eyJzdWIiOiJwZ3dfZnB0cGxheSIsImV4cCI6MTU4OTUyNjAwNiwiaWF0IjoxNTg4NjYyMDA2fQ.Gu57KKKcUhLVAl7lcRze_HTGn90CT3ZSy2lv2LTiGOLtJIRN4sOPOENHhzblqmyJ5EcBl_NsxGtMt83wr9DNMA","message":"Login successfully , username=pgw_fptplay"}
2020-05-05 14:00:09,477 INFO com.dz.apigw.security.AuthorizationIPAddressFilter [http-nio-8881-exec-2] 127.0.0.1|> POST /payment/apigw
2020-05-05 14:00:09,478 INFO com.dz.apigw.security.AuthorizationIPAddressFilter [http-nio-8881-exec-2] 127.0.0.1|> authorization: PGW eyJhbGciOiJIUzUxMiJ9.eyJzdWIiOiJwZ3dfZnB0cGxheSIsImV4cCI6MTU4OTQ0Mjk5OCwiaWF0IjoxNTg4NTc4OTk4fQ.q3Hd9znZtRLW0_I2mB5e5YrAhBp7FVaFdAD3dVmM2Lytc16iMuMoczipgiYKkYjtFkB8sC9IG8S_JUmBk6uAww
2020-05-05 14:00:09,478 INFO com.dz.apigw.security.AuthorizationIPAddressFilter [http-nio-8881-exec-2] 127.0.0.1|> content-type: application/json
2020-05-05 14:00:09,479 INFO com.dz.apigw.security.AuthorizationIPAddressFilter [http-nio-8881-exec-2] 127.0.0.1|> user-agent: PostmanRuntime/7.24.1
2020-05-05 14:00:09,479 INFO com.dz.apigw.security.AuthorizationIPAddressFilter [http-nio-8881-exec-2] 127.0.0.1|> accept: */*
2020-05-05 14:00:09,479 INFO com.dz.apigw.security.AuthorizationIPAddressFilter [http-nio-8881-exec-2] 127.0.0.1|> cache-control: no-cache
2020-05-05 14:00:09,479 INFO com.dz.apigw.security.AuthorizationIPAddressFilter [http-nio-8881-exec-2] 127.0.0.1|> postman-token: e1d871d2-f1bd-4277-b063-0d94e3d1d749
2020-05-05 14:00:09,479 INFO com.dz.apigw.security.AuthorizationIPAddressFilter [http-nio-8881-exec-2] 127.0.0.1|> host: 127.0.0.1:8881
2020-05-05 14:00:09,480 INFO com.dz.apigw.security.AuthorizationIPAddressFilter [http-nio-8881-exec-2] 127.0.0.1|> accept-encoding: gzip, deflate, br
2020-05-05 14:00:09,480 INFO com.dz.apigw.security.AuthorizationIPAddressFilter [http-nio-8881-exec-2] 127.0.0.1|> connection: keep-alive
2020-05-05 14:00:09,480 INFO com.dz.apigw.security.AuthorizationIPAddressFilter [http-nio-8881-exec-2] 127.0.0.1|> content-length: 202
2020-05-05 14:00:09,480 INFO com.dz.apigw.security.AuthorizationIPAddressFilter [http-nio-8881-exec-2] 127.0.0.1|>
2020-05-05 14:00:09,480 TRACE com.dz.apigw.security.AuthorizationIPAddressFilter [http-nio-8881-exec-2] Checking Remote Ip Adress '127.0.0.1' for the request
2020-05-05 14:00:09,480 TRACE com.dz.apigw.security.AuthorizationIPAddressFilter [http-nio-8881-exec-2] Ip Adress '127.0.0.1' is valid
2020-05-05 14:00:09,481 TRACE com.dz.apigw.security.JwtAuthorizationTokenFilter [http-nio-8881-exec-2] Processing authentication for 'http://127.0.0.1:8881/payment/apigw' ...
2020-05-05 14:00:09,481 DEBUG com.dz.apigw.security.JwtAuthorizationTokenFilter [http-nio-8881-exec-2] The request header is 'PGW eyJhbGciOiJIUzUxMiJ9.eyJzdWIiOiJwZ3dfZnB0cGxheSIsImV4cCI6MTU4OTQ0Mjk5OCwiaWF0IjoxNTg4NTc4OTk4fQ.q3Hd9znZtRLW0_I2mB5e5YrAhBp7FVaFdAD3dVmM2Lytc16iMuMoczipgiYKkYjtFkB8sC9IG8S_JUmBk6uAww'
2020-05-05 14:00:09,481 DEBUG com.dz.apigw.security.JwtAuthorizationTokenFilter [http-nio-8881-exec-2] Looking for the header start with 'PGW'
2020-05-05 14:00:09,483 DEBUG com.dz.apigw.security.JwtAuthorizationTokenFilter [http-nio-8881-exec-2] checking authentication for user 'pgw_fptplay'
2020-05-05 14:00:09,483 DEBUG com.dz.apigw.security.JwtAuthorizationTokenFilter [http-nio-8881-exec-2] security context was null, so authorizating user
2020-05-05 14:00:09,484 INFO com.dz.apigw.security.JwtUserDetailsService [http-nio-8881-exec-2] [JwtUserDetailsService] load info of user 'pgw_fptplay'
2020-05-05 14:00:09,485 INFO com.dz.apigw.security.JwtUserDetailsService [http-nio-8881-exec-2] [loadUserByUsername] Found user with username 'pgw_fptplay'
2020-05-05 14:00:09,489 INFO com.dz.apigw.security.JwtAuthorizationTokenFilter [http-nio-8881-exec-2] authorizated user 'pgw_fptplay', setting security context
2020-05-05 14:00:09,491 TRACE com.dz.apigw.controllers.APIGWMainController [http-nio-8881-exec-2] Remote request body is '{
	"telco": "vinaphone",
	"cp_code": "001",
	"service_code": "",
	"service_id": "",
	"package_code": "",
	"msisdn": "84919222400",
	"account": "",
	"cmd": "",
	"trans_id": "1234",
	"service": "charge"
}'
2020-05-05 14:00:09,493 TRACE com.dz.apigw.services.APIGWMainServiceImpl [http-nio-8881-exec-2] Service from the request is 'charge'
2020-05-05 14:00:09,497 TRACE com.dz.apigw.services.APIGWMainServiceImpl [http-nio-8881-exec-2] [doTelcoCharge] doing telco charging...
2020-05-05 14:00:39,525 ERROR com.dz.apigw.services.APIGWMainServiceImpl [http-nio-8881-exec-2] [doTelcoCharge] Exception: 'Timed out after 30000 ms while waiting to connect. Client view of cluster state is {type=UNKNOWN, servers=[{address=localhost:27017, type=UNKNOWN, state=CONNECTING, exception={com.mongodb.MongoSecurityException: Exception authenticating MongoCredential{mechanism=null, userName='root', source='paymentgw', password=<hidden>, mechanismProperties={}}}, caused by {com.mongodb.MongoCommandException: Command failed with error 18: 'Authentication failed.' on server localhost:27017. The full response is { "ok" : 0.0, "errmsg" : "Authentication failed.", "code" : 18, "codeName" : "AuthenticationFailed" }}}]; nested exception is com.mongodb.MongoTimeoutException: Timed out after 30000 ms while waiting to connect. Client view of cluster state is {type=UNKNOWN, servers=[{address=localhost:27017, type=UNKNOWN, state=CONNECTING, exception={com.mongodb.MongoSecurityException: Exception authenticating MongoCredential{mechanism=null, userName='root', source='paymentgw', password=<hidden>, mechanismProperties={}}}, caused by {com.mongodb.MongoCommandException: Command failed with error 18: 'Authentication failed.' on server localhost:27017. The full response is { "ok" : 0.0, "errmsg" : "Authentication failed.", "code" : 18, "codeName" : "AuthenticationFailed" }}}]'
2020-05-05 14:00:39,528 INFO com.dz.apigw.security.AuthorizationIPAddressFilter [http-nio-8881-exec-2] 127.0.0.1|> {
2020-05-05 14:00:39,528 INFO com.dz.apigw.security.AuthorizationIPAddressFilter [http-nio-8881-exec-2] 127.0.0.1|> 	"telco": "vinaphone",
2020-05-05 14:00:39,528 INFO com.dz.apigw.security.AuthorizationIPAddressFilter [http-nio-8881-exec-2] 127.0.0.1|> 	"cp_code": "001",
2020-05-05 14:00:39,528 INFO com.dz.apigw.security.AuthorizationIPAddressFilter [http-nio-8881-exec-2] 127.0.0.1|> 	"service_code": "",
2020-05-05 14:00:39,528 INFO com.dz.apigw.security.AuthorizationIPAddressFilter [http-nio-8881-exec-2] 127.0.0.1|> 	"service_id": "",
2020-05-05 14:00:39,529 INFO com.dz.apigw.security.AuthorizationIPAddressFilter [http-nio-8881-exec-2] 127.0.0.1|> 	"package_code": "",
2020-05-05 14:00:39,529 INFO com.dz.apigw.security.AuthorizationIPAddressFilter [http-nio-8881-exec-2] 127.0.0.1|> 	"msisdn": "84919222400",
2020-05-05 14:00:39,529 INFO com.dz.apigw.security.AuthorizationIPAddressFilter [http-nio-8881-exec-2] 127.0.0.1|> 	"account": "",
2020-05-05 14:00:39,529 INFO com.dz.apigw.security.AuthorizationIPAddressFilter [http-nio-8881-exec-2] 127.0.0.1|> 	"cmd": "",
2020-05-05 14:00:39,529 INFO com.dz.apigw.security.AuthorizationIPAddressFilter [http-nio-8881-exec-2] 127.0.0.1|> 	"trans_id": "1234",
2020-05-05 14:00:39,529 INFO com.dz.apigw.security.AuthorizationIPAddressFilter [http-nio-8881-exec-2] 127.0.0.1|> 	"service": "charge"
2020-05-05 14:00:39,530 INFO com.dz.apigw.security.AuthorizationIPAddressFilter [http-nio-8881-exec-2] 127.0.0.1|> }
2020-05-05 14:00:39,530 INFO com.dz.apigw.security.AuthorizationIPAddressFilter [http-nio-8881-exec-2] 127.0.0.1|< 200 OK
2020-05-05 14:00:39,530 INFO com.dz.apigw.security.AuthorizationIPAddressFilter [http-nio-8881-exec-2] 127.0.0.1|<
2020-05-05 14:00:39,530 INFO com.dz.apigw.security.AuthorizationIPAddressFilter [http-nio-8881-exec-2] 127.0.0.1|< {"error_code":"-1","trans_id":"1234"}
2020-05-05 14:05:09,597 INFO com.dz.apigw.security.AuthorizationIPAddressFilter [http-nio-8881-exec-1] 127.0.0.1|> POST /payment/apigw
2020-05-05 14:05:09,598 INFO com.dz.apigw.security.AuthorizationIPAddressFilter [http-nio-8881-exec-1] 127.0.0.1|> authorization: PGW eyJhbGciOiJIUzUxMiJ9.eyJzdWIiOiJwZ3dfZnB0cGxheSIsImV4cCI6MTU4OTQ0Mjk5OCwiaWF0IjoxNTg4NTc4OTk4fQ.q3Hd9znZtRLW0_I2mB5e5YrAhBp7FVaFdAD3dVmM2Lytc16iMuMoczipgiYKkYjtFkB8sC9IG8S_JUmBk6uAww
2020-05-05 14:05:09,598 INFO com.dz.apigw.security.AuthorizationIPAddressFilter [http-nio-8881-exec-1] 127.0.0.1|> content-type: application/json
2020-05-05 14:05:09,599 INFO com.dz.apigw.security.AuthorizationIPAddressFilter [http-nio-8881-exec-1] 127.0.0.1|> user-agent: PostmanRuntime/7.24.1
2020-05-05 14:05:09,599 INFO com.dz.apigw.security.AuthorizationIPAddressFilter [http-nio-8881-exec-1] 127.0.0.1|> accept: */*
2020-05-05 14:05:09,599 INFO com.dz.apigw.security.AuthorizationIPAddressFilter [http-nio-8881-exec-1] 127.0.0.1|> cache-control: no-cache
2020-05-05 14:05:09,599 INFO com.dz.apigw.security.AuthorizationIPAddressFilter [http-nio-8881-exec-1] 127.0.0.1|> postman-token: 9dd32895-cc94-4c73-8a4d-780889a43bc3
2020-05-05 14:05:09,600 INFO com.dz.apigw.security.AuthorizationIPAddressFilter [http-nio-8881-exec-1] 127.0.0.1|> host: 127.0.0.1:8881
2020-05-05 14:05:09,600 INFO com.dz.apigw.security.AuthorizationIPAddressFilter [http-nio-8881-exec-1] 127.0.0.1|> accept-encoding: gzip, deflate, br
2020-05-05 14:05:09,601 INFO com.dz.apigw.security.AuthorizationIPAddressFilter [http-nio-8881-exec-1] 127.0.0.1|> connection: keep-alive
2020-05-05 14:05:09,601 INFO com.dz.apigw.security.AuthorizationIPAddressFilter [http-nio-8881-exec-1] 127.0.0.1|> content-length: 202
2020-05-05 14:05:09,602 INFO com.dz.apigw.security.AuthorizationIPAddressFilter [http-nio-8881-exec-1] 127.0.0.1|>
2020-05-05 14:05:09,602 TRACE com.dz.apigw.security.AuthorizationIPAddressFilter [http-nio-8881-exec-1] Checking Remote Ip Adress '127.0.0.1' for the request
2020-05-05 14:05:09,602 TRACE com.dz.apigw.security.AuthorizationIPAddressFilter [http-nio-8881-exec-1] Ip Adress '127.0.0.1' is valid
2020-05-05 14:05:09,603 TRACE com.dz.apigw.security.JwtAuthorizationTokenFilter [http-nio-8881-exec-1] Processing authentication for 'http://127.0.0.1:8881/payment/apigw' ...
2020-05-05 14:05:09,603 DEBUG com.dz.apigw.security.JwtAuthorizationTokenFilter [http-nio-8881-exec-1] The request header is 'PGW eyJhbGciOiJIUzUxMiJ9.eyJzdWIiOiJwZ3dfZnB0cGxheSIsImV4cCI6MTU4OTQ0Mjk5OCwiaWF0IjoxNTg4NTc4OTk4fQ.q3Hd9znZtRLW0_I2mB5e5YrAhBp7FVaFdAD3dVmM2Lytc16iMuMoczipgiYKkYjtFkB8sC9IG8S_JUmBk6uAww'
2020-05-05 14:05:09,603 DEBUG com.dz.apigw.security.JwtAuthorizationTokenFilter [http-nio-8881-exec-1] Looking for the header start with 'PGW'
2020-05-05 14:05:09,606 DEBUG com.dz.apigw.security.JwtAuthorizationTokenFilter [http-nio-8881-exec-1] checking authentication for user 'pgw_fptplay'
2020-05-05 14:05:09,607 DEBUG com.dz.apigw.security.JwtAuthorizationTokenFilter [http-nio-8881-exec-1] security context was null, so authorizating user
2020-05-05 14:05:09,607 INFO com.dz.apigw.security.JwtUserDetailsService [http-nio-8881-exec-1] [JwtUserDetailsService] load info of user 'pgw_fptplay'
2020-05-05 14:05:09,607 INFO com.dz.apigw.security.JwtUserDetailsService [http-nio-8881-exec-1] [loadUserByUsername] Found user with username 'pgw_fptplay'
2020-05-05 14:05:09,613 INFO com.dz.apigw.security.JwtAuthorizationTokenFilter [http-nio-8881-exec-1] authorizated user 'pgw_fptplay', setting security context
2020-05-05 14:05:09,617 TRACE com.dz.apigw.controllers.APIGWMainController [http-nio-8881-exec-1] Remote request body is '{
	"telco": "vinaphone",
	"cp_code": "001",
	"service_code": "",
	"service_id": "",
	"package_code": "",
	"msisdn": "84919222400",
	"account": "",
	"cmd": "",
	"trans_id": "1234",
	"service": "charge"
}'
2020-05-05 14:05:09,624 TRACE com.dz.apigw.services.APIGWMainServiceImpl [http-nio-8881-exec-1] Service from the request is 'charge'
2020-05-05 14:05:09,627 TRACE com.dz.apigw.services.APIGWMainServiceImpl [http-nio-8881-exec-1] [doTelcoCharge] doing telco charging...
2020-05-05 14:05:39,639 ERROR com.dz.apigw.services.APIGWMainServiceImpl [http-nio-8881-exec-1] [doTelcoCharge] Exception: 'Timed out after 30000 ms while waiting to connect. Client view of cluster state is {type=UNKNOWN, servers=[{address=localhost:27017, type=UNKNOWN, state=CONNECTING, exception={com.mongodb.MongoSecurityException: Exception authenticating MongoCredential{mechanism=null, userName='root', source='paymentgw', password=<hidden>, mechanismProperties={}}}, caused by {com.mongodb.MongoCommandException: Command failed with error 18: 'Authentication failed.' on server localhost:27017. The full response is { "ok" : 0.0, "errmsg" : "Authentication failed.", "code" : 18, "codeName" : "AuthenticationFailed" }}}]; nested exception is com.mongodb.MongoTimeoutException: Timed out after 30000 ms while waiting to connect. Client view of cluster state is {type=UNKNOWN, servers=[{address=localhost:27017, type=UNKNOWN, state=CONNECTING, exception={com.mongodb.MongoSecurityException: Exception authenticating MongoCredential{mechanism=null, userName='root', source='paymentgw', password=<hidden>, mechanismProperties={}}}, caused by {com.mongodb.MongoCommandException: Command failed with error 18: 'Authentication failed.' on server localhost:27017. The full response is { "ok" : 0.0, "errmsg" : "Authentication failed.", "code" : 18, "codeName" : "AuthenticationFailed" }}}]'
2020-05-05 14:05:39,645 INFO com.dz.apigw.security.AuthorizationIPAddressFilter [http-nio-8881-exec-1] 127.0.0.1|> {
2020-05-05 14:05:39,645 INFO com.dz.apigw.security.AuthorizationIPAddressFilter [http-nio-8881-exec-1] 127.0.0.1|> 	"telco": "vinaphone",
2020-05-05 14:05:39,646 INFO com.dz.apigw.security.AuthorizationIPAddressFilter [http-nio-8881-exec-1] 127.0.0.1|> 	"cp_code": "001",
2020-05-05 14:05:39,646 INFO com.dz.apigw.security.AuthorizationIPAddressFilter [http-nio-8881-exec-1] 127.0.0.1|> 	"service_code": "",
2020-05-05 14:05:39,646 INFO com.dz.apigw.security.AuthorizationIPAddressFilter [http-nio-8881-exec-1] 127.0.0.1|> 	"service_id": "",
2020-05-05 14:05:39,646 INFO com.dz.apigw.security.AuthorizationIPAddressFilter [http-nio-8881-exec-1] 127.0.0.1|> 	"package_code": "",
2020-05-05 14:05:39,647 INFO com.dz.apigw.security.AuthorizationIPAddressFilter [http-nio-8881-exec-1] 127.0.0.1|> 	"msisdn": "84919222400",
2020-05-05 14:05:39,647 INFO com.dz.apigw.security.AuthorizationIPAddressFilter [http-nio-8881-exec-1] 127.0.0.1|> 	"account": "",
2020-05-05 14:05:39,647 INFO com.dz.apigw.security.AuthorizationIPAddressFilter [http-nio-8881-exec-1] 127.0.0.1|> 	"cmd": "",
2020-05-05 14:05:39,647 INFO com.dz.apigw.security.AuthorizationIPAddressFilter [http-nio-8881-exec-1] 127.0.0.1|> 	"trans_id": "1234",
2020-05-05 14:05:39,647 INFO com.dz.apigw.security.AuthorizationIPAddressFilter [http-nio-8881-exec-1] 127.0.0.1|> 	"service": "charge"
2020-05-05 14:05:39,648 INFO com.dz.apigw.security.AuthorizationIPAddressFilter [http-nio-8881-exec-1] 127.0.0.1|> }
2020-05-05 14:05:39,648 INFO com.dz.apigw.security.AuthorizationIPAddressFilter [http-nio-8881-exec-1] 127.0.0.1|< 200 OK
2020-05-05 14:05:39,649 INFO com.dz.apigw.security.AuthorizationIPAddressFilter [http-nio-8881-exec-1] 127.0.0.1|<
2020-05-05 14:05:39,649 INFO com.dz.apigw.security.AuthorizationIPAddressFilter [http-nio-8881-exec-1] 127.0.0.1|< {"error_code":"-1","trans_id":"1234"}
